11/09/2019 11:20:17  INFO [           main] b.c.s.a.s.c.TestNgSuiteRunner : ------------------------ Início da execução ------------------------
11/09/2019 11:20:18  INFO [           main] b.c.s.a.s.c.TestNgSuiteRunner : Gerando suíte para execução local...
11/09/2019 11:21:50  INFO [           main] b.c.s.a.s.l.TestListener : Teste Test_0001_AberturaECredenciamento falhou ...
11/09/2019 11:21:50  INFO [           main] b.c.s.a.s.l.SuiteListener : Finalizando a suíte de teste...
11/09/2019 11:21:50  INFO [           main] b.c.s.a.s.c.LoopRunner : LOOP=false
11/09/2019 11:22:10  INFO [           main] b.c.s.a.s.c.TestNgSuiteRunner : ------------------------ Início da execução ------------------------
11/09/2019 11:22:10  INFO [           main] b.c.s.a.s.c.TestNgSuiteRunner : Gerando suíte para execução local...
11/09/2019 11:26:08  INFO [           main] b.c.s.a.s.c.TestNgSuiteRunner : ------------------------ Início da execução ------------------------
11/09/2019 11:26:08  INFO [           main] b.c.s.a.s.c.TestNgSuiteRunner : Gerando suíte para execução local...
11/09/2019 11:35:20  INFO [           main] b.c.s.a.s.c.TestNgSuiteRunner : ------------------------ Início da execução ------------------------
11/09/2019 11:35:20  INFO [           main] b.c.s.a.s.c.TestNgSuiteRunner : Gerando suíte para execução local...
11/09/2019 11:59:10  INFO [           main] b.c.s.a.s.c.TestNgSuiteRunner : ------------------------ Início da execução ------------------------
11/09/2019 11:59:10  INFO [           main] b.c.s.a.s.c.TestNgSuiteRunner : Gerando suíte para execução local...
11/09/2019 12:00:42  INFO [           main] b.c.s.a.s.l.TestListener : Teste Test_0001_AberturaECredenciamento teve sucesso ...
11/09/2019 12:00:43  INFO [           main] b.c.s.a.s.l.SuiteListener : Finalizando a suíte de teste...
11/09/2019 12:00:43  INFO [           main] b.c.s.a.s.c.LoopRunner : LOOP=false
11/09/2019 16:53:04  INFO [           main] b.c.s.a.s.c.TestNgSuiteRunner : ------------------------ Início da execução ------------------------
11/09/2019 16:53:04  INFO [           main] b.c.s.a.s.c.TestNgSuiteRunner : Gerando suíte para execução local...
11/09/2019 16:54:27  INFO [           main] b.c.s.a.s.l.TestListener : Teste Test_0001_AberturaECredenciamento teve sucesso ...
11/09/2019 16:54:27  INFO [           main] b.c.s.a.s.l.SuiteListener : Finalizando a suíte de teste...
11/09/2019 16:54:27  INFO [           main] b.c.s.a.s.c.LoopRunner : LOOP=false
11/09/2019 16:55:29  INFO [           main] b.c.s.a.s.c.TestNgSuiteRunner : ------------------------ Início da execução ------------------------
11/09/2019 16:55:29  INFO [           main] b.c.s.a.s.c.TestNgSuiteRunner : Gerando suíte para execução local...
11/09/2019 17:11:59  INFO [           main] b.c.s.a.s.c.TestNgSuiteRunner : ------------------------ Início da execução ------------------------
11/09/2019 17:11:59  INFO [           main] b.c.s.a.s.c.TestNgSuiteRunner : Gerando suíte para execução local...
11/09/2019 17:22:53  INFO [           main] b.c.s.a.s.c.TestNgSuiteRunner : ------------------------ Início da execução ------------------------
11/09/2019 17:22:53  INFO [           main] b.c.s.a.s.c.TestNgSuiteRunner : Gerando suíte para execução local...
11/09/2019 17:23:00  INFO [           main] b.c.s.a.s.c.TestNgSuiteRunner : ------------------------ Início da execução ------------------------
11/09/2019 17:23:00  INFO [           main] b.c.s.a.s.c.TestNgSuiteRunner : Gerando suíte para execução local...
11/09/2019 17:25:33  INFO [           main] b.c.s.a.s.c.TestNgSuiteRunner : ------------------------ Início da execução ------------------------
11/09/2019 17:25:33  INFO [           main] b.c.s.a.s.c.TestNgSuiteRunner : Gerando suíte para execução local...
11/09/2019 17:27:39  INFO [           main] b.c.s.a.s.c.TestNgSuiteRunner : ------------------------ Início da execução ------------------------
11/09/2019 17:27:39  INFO [           main] b.c.s.a.s.c.TestNgSuiteRunner : Gerando suíte para execução local...
11/09/2019 17:30:31  INFO [           main] b.c.s.a.s.c.TestNgSuiteRunner : ------------------------ Início da execução ------------------------
11/09/2019 17:30:31  INFO [           main] b.c.s.a.s.c.TestNgSuiteRunner : Gerando suíte para execução local...
11/09/2019 17:32:48  INFO [           main] b.c.s.a.s.c.TestNgSuiteRunner : ------------------------ Início da execução ------------------------
11/09/2019 17:32:48  INFO [           main] b.c.s.a.s.c.TestNgSuiteRunner : Gerando suíte para execução local...
11/09/2019 17:34:11  INFO [           main] b.c.s.a.s.l.TestListener : Teste Test_0001_AberturaECredenciamento teve sucesso ...
11/09/2019 17:34:11  INFO [           main] b.c.s.a.s.l.SuiteListener : Finalizando a suíte de teste...
11/09/2019 17:34:11  INFO [           main] b.c.s.a.s.c.LoopRunner : LOOP=false
11/09/2019 17:40:03  INFO [           main] b.c.s.a.s.c.TestNgSuiteRunner : ------------------------ Início da execução ------------------------
11/09/2019 17:40:03  INFO [           main] b.c.s.a.s.c.TestNgSuiteRunner : Gerando suíte para execução local...
11/09/2019 17:41:27  INFO [           main] b.c.s.a.s.l.TestListener : Teste Test_0001_AberturaECredenciamento teve sucesso ...
11/09/2019 17:41:28  INFO [           main] b.c.s.a.s.l.SuiteListener : Finalizando a suíte de teste...
11/09/2019 17:41:28  INFO [           main] b.c.s.a.s.c.LoopRunner : LOOP=false
11/09/2019 17:42:08  INFO [           main] b.c.s.a.s.c.TestNgSuiteRunner : ------------------------ Início da execução ------------------------
11/09/2019 17:42:08  INFO [           main] b.c.s.a.s.c.TestNgSuiteRunner : Gerando suíte para execução local...
11/09/2019 17:45:32  INFO [           main] b.c.s.a.s.c.TestNgSuiteRunner : ------------------------ Início da execução ------------------------
11/09/2019 17:45:32  INFO [           main] b.c.s.a.s.c.TestNgSuiteRunner : Gerando suíte para execução local...
11/09/2019 17:45:57  INFO [           main] b.c.s.a.s.c.TestNgSuiteRunner : ------------------------ Início da execução ------------------------
11/09/2019 17:45:57  INFO [           main] b.c.s.a.s.c.TestNgSuiteRunner : Gerando suíte para execução local...
11/09/2019 17:46:52  INFO [           main] b.c.s.a.s.l.TestListener : Teste Test_0001_AberturaECredenciamento teve sucesso ...
11/09/2019 17:46:58 ERROR [           main] b.c.s.a.s.l.TestListener : Não foi possível fazer captura de tela...
org.openqa.selenium.WebDriverException: chrome not reachable
  (Session info: chrome=76.0.3809.132)
Build info: version: '3.12.0', revision: '7c6e0b3', time: '2018-05-08T14:04:26.12Z'
System info: host: 'MT607869', ip: '10.96.32.126', os.name: 'Windows 10', os.arch: 'amd64', os.version: '10.0', java.version: '1.8.0_191'
Driver info: org.openqa.selenium.chrome.ChromeDriver
Capabilities {acceptInsecureCerts: false, browserName: chrome, browserVersion: 76.0.3809.132, chrome: {chromedriverVersion: 76.0.3809.126 (d80a294506b4..., userDataDir: C:\Temp\scoped_dir14476_926...}, goog:chromeOptions: {debuggerAddress: localhost:50154}, javascriptEnabled: true, networkConnectionEnabled: false, pageLoadStrategy: normal, platform: XP, platformName: XP, proxy: Proxy(), setWindowRect: true, strictFileInteractability: false, timeouts: {implicit: 0, pageLoad: 300000, script: 30000}, unhandledPromptBehavior: dismiss and notify}
Session ID: ac6691bce184a078f8bc3cb22b588582
	at sun.reflect.NativeConstructorAccessorImpl.newInstance0(Native Method) ~[?:1.8.0_191]
	at sun.reflect.NativeConstructorAccessorImpl.newInstance(Unknown Source) ~[?:1.8.0_191]
	at sun.reflect.DelegatingConstructorAccessorImpl.newInstance(Unknown Source) ~[?:1.8.0_191]
	at java.lang.reflect.Constructor.newInstance(Unknown Source) ~[?:1.8.0_191]
	at org.openqa.selenium.remote.http.W3CHttpResponseCodec.createException(W3CHttpResponseCodec.java:187) ~[selenium-remote-driver-3.12.0.jar:?]
	at org.openqa.selenium.remote.http.W3CHttpResponseCodec.decode(W3CHttpResponseCodec.java:122) ~[selenium-remote-driver-3.12.0.jar:?]
	at org.openqa.selenium.remote.http.W3CHttpResponseCodec.decode(W3CHttpResponseCodec.java:49) ~[selenium-remote-driver-3.12.0.jar:?]
	at org.openqa.selenium.remote.HttpCommandExecutor.execute(HttpCommandExecutor.java:158) ~[selenium-remote-driver-3.12.0.jar:?]
	at org.openqa.selenium.remote.service.DriverCommandExecutor.execute(DriverCommandExecutor.java:83) ~[selenium-remote-driver-3.12.0.jar:?]
	at org.openqa.selenium.remote.RemoteWebDriver.execute(RemoteWebDriver.java:543) ~[selenium-remote-driver-3.12.0.jar:?]
	at org.openqa.selenium.remote.RemoteWebDriver.execute(RemoteWebDriver.java:600) ~[selenium-remote-driver-3.12.0.jar:?]
	at org.openqa.selenium.remote.RemoteWebDriver.getScreenshotAs(RemoteWebDriver.java:289) ~[selenium-remote-driver-3.12.0.jar:?]
	at br.com.safra.automation.selenium.listeners.TestListener.writeScreenshotToFile(TestListener.java:168) ~[classes/:?]
	at br.com.safra.automation.selenium.listeners.TestListener.saveScreenshot(TestListener.java:185) [classes/:?]
	at br.com.safra.automation.selenium.listeners.TestListener.capturaTela(TestListener.java:205) [classes/:?]
	at br.com.safra.automation.selenium.listeners.TestListener.finalizaTesteFeito(TestListener.java:85) [classes/:?]
	at br.com.safra.automation.selenium.listeners.TestListener.onTestSuccess(TestListener.java:75) [classes/:?]
	at org.testng.internal.Invoker.runTestListeners(Invoker.java:1735) [testng-6.11.jar:?]
	at org.testng.internal.Invoker.runTestListeners(Invoker.java:1714) [testng-6.11.jar:?]
	at org.testng.internal.Invoker.invokeMethod(Invoker.java:714) [testng-6.11.jar:?]
	at org.testng.internal.Invoker.invokeTestMethod(Invoker.java:869) [testng-6.11.jar:?]
	at org.testng.internal.Invoker.invokeTestMethods(Invoker.java:1193) [testng-6.11.jar:?]
	at org.testng.internal.TestMethodWorker.invokeTestMethods(TestMethodWorker.java:126) [testng-6.11.jar:?]
	at org.testng.internal.TestMethodWorker.run(TestMethodWorker.java:109) [testng-6.11.jar:?]
	at org.testng.TestRunner.privateRun(TestRunner.java:744) [testng-6.11.jar:?]
	at org.testng.TestRunner.run(TestRunner.java:602) [testng-6.11.jar:?]
	at org.testng.SuiteRunner.runTest(SuiteRunner.java:380) [testng-6.11.jar:?]
	at org.testng.SuiteRunner.runSequentially(SuiteRunner.java:375) [testng-6.11.jar:?]
	at org.testng.SuiteRunner.privateRun(SuiteRunner.java:340) [testng-6.11.jar:?]
	at org.testng.SuiteRunner.run(SuiteRunner.java:289) [testng-6.11.jar:?]
	at org.testng.SuiteRunnerWorker.runSuite(SuiteRunnerWorker.java:52) [testng-6.11.jar:?]
	at org.testng.SuiteRunnerWorker.run(SuiteRunnerWorker.java:86) [testng-6.11.jar:?]
	at org.testng.TestNG.runSuitesSequentially(TestNG.java:1301) [testng-6.11.jar:?]
	at org.testng.TestNG.runSuitesLocally(TestNG.java:1226) [testng-6.11.jar:?]
	at org.testng.TestNG.runSuites(TestNG.java:1144) [testng-6.11.jar:?]
	at org.testng.TestNG.run(TestNG.java:1115) [testng-6.11.jar:?]
	at br.com.safra.automation.selenium.config.TestNgSuiteRunner.execute(TestNgSuiteRunner.java:55) [classes/:?]
	at br.com.safra.automation.selenium.config.LoopRunner.executarLocal(LoopRunner.java:64) [classes/:?]
	at br.com.safra.automation.selenium.config.LoopRunner.executar(LoopRunner.java:43) [classes/:?]
	at br.com.safra.automation.selenium.config.LoopRunner.executar(LoopRunner.java:25) [classes/:?]
	at br.com.safra.app.runners.Main.main(Main.java:9) [classes/:?]
11/09/2019 17:46:58  INFO [           main] b.c.s.a.s.l.SuiteListener : Finalizando a suíte de teste...
11/09/2019 17:46:58  INFO [           main] b.c.s.a.s.c.LoopRunner : LOOP=false
11/09/2019 17:47:53  INFO [           main] b.c.s.a.s.c.TestNgSuiteRunner : ------------------------ Início da execução ------------------------
11/09/2019 17:47:53  INFO [           main] b.c.s.a.s.c.TestNgSuiteRunner : Gerando suíte para execução local...
11/09/2019 19:15:51  INFO [           main] b.c.s.a.s.c.TestNgSuiteRunner : ------------------------ Início da execução ------------------------
11/09/2019 19:15:51  INFO [           main] b.c.s.a.s.c.TestNgSuiteRunner : Gerando suíte para execução local...
11/09/2019 19:22:29  INFO [           main] b.c.s.a.s.c.TestNgSuiteRunner : ------------------------ Início da execução ------------------------
11/09/2019 19:22:29  INFO [           main] b.c.s.a.s.c.TestNgSuiteRunner : Gerando suíte para execução local...
11/09/2019 19:31:25  INFO [           main] b.c.s.a.s.c.TestNgSuiteRunner : ------------------------ Início da execução ------------------------
11/09/2019 19:31:25  INFO [           main] b.c.s.a.s.c.TestNgSuiteRunner : Gerando suíte para execução local...
11/09/2019 19:34:09  INFO [           main] b.c.s.a.s.c.TestNgSuiteRunner : ------------------------ Início da execução ------------------------
11/09/2019 19:34:09  INFO [           main] b.c.s.a.s.c.TestNgSuiteRunner : Gerando suíte para execução local...
11/09/2019 19:35:26  INFO [           main] b.c.s.a.s.l.TestListener : Teste Test_0001_AberturaECredenciamento falhou ...
11/09/2019 19:35:27  INFO [           main] b.c.s.a.s.l.SuiteListener : Finalizando a suíte de teste...
11/09/2019 19:35:27  INFO [           main] b.c.s.a.s.c.LoopRunner : LOOP=false
11/09/2019 19:35:36  INFO [           main] b.c.s.a.s.c.TestNgSuiteRunner : ------------------------ Início da execução ------------------------
11/09/2019 19:35:36  INFO [           main] b.c.s.a.s.c.TestNgSuiteRunner : Gerando suíte para execução local...
11/09/2019 19:36:16  INFO [           main] b.c.s.a.s.l.TestListener : Teste Test_0001_AberturaECredenciamento falhou ...
11/09/2019 19:36:17  INFO [           main] b.c.s.a.s.l.SuiteListener : Finalizando a suíte de teste...
11/09/2019 19:36:17  INFO [           main] b.c.s.a.s.c.LoopRunner : LOOP=false
11/09/2019 19:36:41  INFO [           main] b.c.s.a.s.c.TestNgSuiteRunner : ------------------------ Início da execução ------------------------
11/09/2019 19:36:41  INFO [           main] b.c.s.a.s.c.TestNgSuiteRunner : Gerando suíte para execução local...
11/09/2019 19:39:58  INFO [           main] b.c.s.a.s.c.TestNgSuiteRunner : ------------------------ Início da execução ------------------------
11/09/2019 19:39:58  INFO [           main] b.c.s.a.s.c.TestNgSuiteRunner : Gerando suíte para execução local...
11/09/2019 19:44:40  INFO [           main] b.c.s.a.s.l.TestListener : Teste Test_0001_AberturaECredenciamento teve sucesso ...
11/09/2019 19:44:42  INFO [           main] b.c.s.a.s.l.SuiteListener : Finalizando a suíte de teste...
11/09/2019 19:44:42  INFO [           main] b.c.s.a.s.c.LoopRunner : LOOP=false
11/09/2019 19:47:16  INFO [           main] b.c.s.a.s.c.TestNgSuiteRunner : ------------------------ Início da execução ------------------------
11/09/2019 19:47:16  INFO [           main] b.c.s.a.s.c.TestNgSuiteRunner : Gerando suíte para execução local...
11/09/2019 19:53:26  INFO [           main] b.c.s.a.s.l.TestListener : Teste Test_0001_AberturaECredenciamento falhou ...
11/09/2019 19:53:26  INFO [           main] b.c.s.a.s.l.SuiteListener : Finalizando a suíte de teste...
11/09/2019 19:53:26  INFO [           main] b.c.s.a.s.c.LoopRunner : LOOP=false
11/09/2019 19:54:11  INFO [           main] b.c.s.a.s.c.TestNgSuiteRunner : ------------------------ Início da execução ------------------------
11/09/2019 19:54:11  INFO [           main] b.c.s.a.s.c.TestNgSuiteRunner : Gerando suíte para execução local...
11/09/2019 19:57:21  INFO [           main] b.c.s.a.s.l.TestListener : Teste Test_0001_AberturaECredenciamento teve sucesso ...
11/09/2019 19:57:21  INFO [           main] b.c.s.a.s.l.SuiteListener : Finalizando a suíte de teste...
11/09/2019 19:57:21  INFO [           main] b.c.s.a.s.c.LoopRunner : LOOP=false
11/09/2019 20:00:22  INFO [           main] b.c.s.a.s.c.TestNgSuiteRunner : ------------------------ Início da execução ------------------------
11/09/2019 20:00:22  INFO [           main] b.c.s.a.s.c.TestNgSuiteRunner : Gerando suíte para execução local...
11/09/2019 20:09:22  INFO [           main] b.c.s.a.s.c.TestNgSuiteRunner : ------------------------ Início da execução ------------------------
11/09/2019 20:09:22  INFO [           main] b.c.s.a.s.c.TestNgSuiteRunner : Gerando suíte para execução local...
11/09/2019 20:10:14  INFO [           main] b.c.s.a.s.l.TestListener : Teste Test_0001_AberturaECredenciamento falhou ...
11/09/2019 20:10:15 ERROR [           main] b.c.s.a.s.l.TestListener : Não foi possível fazer captura de tela...
org.openqa.selenium.WebDriverException: java.net.ConnectException: Failed to connect to localhost/127.0.0.1:3144
Build info: version: '3.12.0', revision: '7c6e0b3', time: '2018-05-08T14:04:26.12Z'
System info: host: 'MT607869', ip: '10.96.32.126', os.name: 'Windows 10', os.arch: 'amd64', os.version: '10.0', java.version: '1.8.0_191'
Driver info: driver.version: RemoteWebDriver
	at org.openqa.selenium.remote.service.DriverCommandExecutor.execute(DriverCommandExecutor.java:92) ~[selenium-remote-driver-3.12.0.jar:?]
	at org.openqa.selenium.remote.RemoteWebDriver.execute(RemoteWebDriver.java:543) ~[selenium-remote-driver-3.12.0.jar:?]
	at org.openqa.selenium.remote.RemoteWebDriver.execute(RemoteWebDriver.java:600) ~[selenium-remote-driver-3.12.0.jar:?]
	at org.openqa.selenium.remote.RemoteWebDriver.getScreenshotAs(RemoteWebDriver.java:289) ~[selenium-remote-driver-3.12.0.jar:?]
	at br.com.safra.automation.selenium.listeners.TestListener.writeScreenshotToFile(TestListener.java:168) ~[classes/:?]
	at br.com.safra.automation.selenium.listeners.TestListener.saveScreenshot(TestListener.java:185) [classes/:?]
	at br.com.safra.automation.selenium.listeners.TestListener.capturaTela(TestListener.java:205) [classes/:?]
	at br.com.safra.automation.selenium.listeners.TestListener.finalizaTesteFeito(TestListener.java:85) [classes/:?]
	at br.com.safra.automation.selenium.listeners.TestListener.onTestFailure(TestListener.java:55) [classes/:?]
	at org.testng.internal.Invoker.runTestListeners(Invoker.java:1731) [testng-6.11.jar:?]
	at org.testng.internal.Invoker.runTestListeners(Invoker.java:1714) [testng-6.11.jar:?]
	at org.testng.internal.Invoker.invokeMethod(Invoker.java:714) [testng-6.11.jar:?]
	at org.testng.internal.Invoker.invokeTestMethod(Invoker.java:869) [testng-6.11.jar:?]
	at org.testng.internal.Invoker.invokeTestMethods(Invoker.java:1193) [testng-6.11.jar:?]
	at org.testng.internal.TestMethodWorker.invokeTestMethods(TestMethodWorker.java:126) [testng-6.11.jar:?]
	at org.testng.internal.TestMethodWorker.run(TestMethodWorker.java:109) [testng-6.11.jar:?]
	at org.testng.TestRunner.privateRun(TestRunner.java:744) [testng-6.11.jar:?]
	at org.testng.TestRunner.run(TestRunner.java:602) [testng-6.11.jar:?]
	at org.testng.SuiteRunner.runTest(SuiteRunner.java:380) [testng-6.11.jar:?]
	at org.testng.SuiteRunner.runSequentially(SuiteRunner.java:375) [testng-6.11.jar:?]
	at org.testng.SuiteRunner.privateRun(SuiteRunner.java:340) [testng-6.11.jar:?]
	at org.testng.SuiteRunner.run(SuiteRunner.java:289) [testng-6.11.jar:?]
	at org.testng.SuiteRunnerWorker.runSuite(SuiteRunnerWorker.java:52) [testng-6.11.jar:?]
	at org.testng.SuiteRunnerWorker.run(SuiteRunnerWorker.java:86) [testng-6.11.jar:?]
	at org.testng.TestNG.runSuitesSequentially(TestNG.java:1301) [testng-6.11.jar:?]
	at org.testng.TestNG.runSuitesLocally(TestNG.java:1226) [testng-6.11.jar:?]
	at org.testng.TestNG.runSuites(TestNG.java:1144) [testng-6.11.jar:?]
	at org.testng.TestNG.run(TestNG.java:1115) [testng-6.11.jar:?]
	at br.com.safra.automation.selenium.config.TestNgSuiteRunner.execute(TestNgSuiteRunner.java:55) [classes/:?]
	at br.com.safra.automation.selenium.config.LoopRunner.executarLocal(LoopRunner.java:64) [classes/:?]
	at br.com.safra.automation.selenium.config.LoopRunner.executar(LoopRunner.java:43) [classes/:?]
	at br.com.safra.automation.selenium.config.LoopRunner.executar(LoopRunner.java:25) [classes/:?]
	at br.com.safra.app.runners.Main.main(Main.java:9) [classes/:?]
Caused by: java.net.ConnectException: Failed to connect to localhost/127.0.0.1:3144
	at okhttp3.internal.connection.RealConnection.connectSocket(RealConnection.java:240) ~[okhttp-3.9.1.jar:?]
	at okhttp3.internal.connection.RealConnection.connect(RealConnection.java:158) ~[okhttp-3.9.1.jar:?]
	at okhttp3.internal.connection.StreamAllocation.findConnection(StreamAllocation.java:256) ~[okhttp-3.9.1.jar:?]
	at okhttp3.internal.connection.StreamAllocation.findHealthyConnection(StreamAllocation.java:134) ~[okhttp-3.9.1.jar:?]
	at okhttp3.internal.connection.StreamAllocation.newStream(StreamAllocation.java:113) ~[okhttp-3.9.1.jar:?]
	at okhttp3.internal.connection.ConnectInterceptor.intercept(ConnectInterceptor.java:42) ~[okhttp-3.9.1.jar:?]
	at okhttp3.internal.http.RealInterceptorChain.proceed(RealInterceptorChain.java:147) ~[okhttp-3.9.1.jar:?]
	at okhttp3.internal.http.RealInterceptorChain.proceed(RealInterceptorChain.java:121) ~[okhttp-3.9.1.jar:?]
	at okhttp3.internal.cache.CacheInterceptor.intercept(CacheInterceptor.java:93) ~[okhttp-3.9.1.jar:?]
	at okhttp3.internal.http.RealInterceptorChain.proceed(RealInterceptorChain.java:147) ~[okhttp-3.9.1.jar:?]
	at okhttp3.internal.http.RealInterceptorChain.proceed(RealInterceptorChain.java:121) ~[okhttp-3.9.1.jar:?]
	at okhttp3.internal.http.BridgeInterceptor.intercept(BridgeInterceptor.java:93) ~[okhttp-3.9.1.jar:?]
	at okhttp3.internal.http.RealInterceptorChain.proceed(RealInterceptorChain.java:147) ~[okhttp-3.9.1.jar:?]
	at okhttp3.internal.http.RetryAndFollowUpInterceptor.intercept(RetryAndFollowUpInterceptor.java:125) ~[okhttp-3.9.1.jar:?]
	at okhttp3.internal.http.RealInterceptorChain.proceed(RealInterceptorChain.java:147) ~[okhttp-3.9.1.jar:?]
	at okhttp3.internal.http.RealInterceptorChain.proceed(RealInterceptorChain.java:121) ~[okhttp-3.9.1.jar:?]
	at okhttp3.RealCall.getResponseWithInterceptorChain(RealCall.java:200) ~[okhttp-3.9.1.jar:?]
	at okhttp3.RealCall.execute(RealCall.java:77) ~[okhttp-3.9.1.jar:?]
	at org.openqa.selenium.remote.internal.OkHttpClient.execute(OkHttpClient.java:105) ~[selenium-remote-driver-3.12.0.jar:?]
	at org.openqa.selenium.remote.HttpCommandExecutor.execute(HttpCommandExecutor.java:155) ~[selenium-remote-driver-3.12.0.jar:?]
	at org.openqa.selenium.remote.service.DriverCommandExecutor.execute(DriverCommandExecutor.java:83) ~[selenium-remote-driver-3.12.0.jar:?]
	... 32 more
Caused by: java.net.ConnectException: Connection refused: connect
	at java.net.DualStackPlainSocketImpl.waitForConnect(Native Method) ~[?:1.8.0_191]
	at java.net.DualStackPlainSocketImpl.socketConnect(Unknown Source) ~[?:1.8.0_191]
	at java.net.AbstractPlainSocketImpl.doConnect(Unknown Source) ~[?:1.8.0_191]
	at java.net.AbstractPlainSocketImpl.connectToAddress(Unknown Source) ~[?:1.8.0_191]
	at java.net.AbstractPlainSocketImpl.connect(Unknown Source) ~[?:1.8.0_191]
	at java.net.PlainSocketImpl.connect(Unknown Source) ~[?:1.8.0_191]
	at java.net.SocksSocketImpl.connect(Unknown Source) ~[?:1.8.0_191]
	at java.net.Socket.connect(Unknown Source) ~[?:1.8.0_191]
	at okhttp3.internal.platform.Platform.connectSocket(Platform.java:125) ~[okhttp-3.9.1.jar:?]
	at okhttp3.internal.connection.RealConnection.connectSocket(RealConnection.java:238) ~[okhttp-3.9.1.jar:?]
	at okhttp3.internal.connection.RealConnection.connect(RealConnection.java:158) ~[okhttp-3.9.1.jar:?]
	at okhttp3.internal.connection.StreamAllocation.findConnection(StreamAllocation.java:256) ~[okhttp-3.9.1.jar:?]
	at okhttp3.internal.connection.StreamAllocation.findHealthyConnection(StreamAllocation.java:134) ~[okhttp-3.9.1.jar:?]
	at okhttp3.internal.connection.StreamAllocation.newStream(StreamAllocation.java:113) ~[okhttp-3.9.1.jar:?]
	at okhttp3.internal.connection.ConnectInterceptor.intercept(ConnectInterceptor.java:42) ~[okhttp-3.9.1.jar:?]
	at okhttp3.internal.http.RealInterceptorChain.proceed(RealInterceptorChain.java:147) ~[okhttp-3.9.1.jar:?]
	at okhttp3.internal.http.RealInterceptorChain.proceed(RealInterceptorChain.java:121) ~[okhttp-3.9.1.jar:?]
	at okhttp3.internal.cache.CacheInterceptor.intercept(CacheInterceptor.java:93) ~[okhttp-3.9.1.jar:?]
	at okhttp3.internal.http.RealInterceptorChain.proceed(RealInterceptorChain.java:147) ~[okhttp-3.9.1.jar:?]
	at okhttp3.internal.http.RealInterceptorChain.proceed(RealInterceptorChain.java:121) ~[okhttp-3.9.1.jar:?]
	at okhttp3.internal.http.BridgeInterceptor.intercept(BridgeInterceptor.java:93) ~[okhttp-3.9.1.jar:?]
	at okhttp3.internal.http.RealInterceptorChain.proceed(RealInterceptorChain.java:147) ~[okhttp-3.9.1.jar:?]
	at okhttp3.internal.http.RetryAndFollowUpInterceptor.intercept(RetryAndFollowUpInterceptor.java:125) ~[okhttp-3.9.1.jar:?]
	at okhttp3.internal.http.RealInterceptorChain.proceed(RealInterceptorChain.java:147) ~[okhttp-3.9.1.jar:?]
	at okhttp3.internal.http.RealInterceptorChain.proceed(RealInterceptorChain.java:121) ~[okhttp-3.9.1.jar:?]
	at okhttp3.RealCall.getResponseWithInterceptorChain(RealCall.java:200) ~[okhttp-3.9.1.jar:?]
	at okhttp3.RealCall.execute(RealCall.java:77) ~[okhttp-3.9.1.jar:?]
	at org.openqa.selenium.remote.internal.OkHttpClient.execute(OkHttpClient.java:105) ~[selenium-remote-driver-3.12.0.jar:?]
	at org.openqa.selenium.remote.HttpCommandExecutor.execute(HttpCommandExecutor.java:155) ~[selenium-remote-driver-3.12.0.jar:?]
	at org.openqa.selenium.remote.service.DriverCommandExecutor.execute(DriverCommandExecutor.java:83) ~[selenium-remote-driver-3.12.0.jar:?]
	... 32 more
11/09/2019 20:10:16  INFO [           main] b.c.s.a.s.l.SuiteListener : Finalizando a suíte de teste...
11/09/2019 20:10:16  INFO [           main] b.c.s.a.s.c.LoopRunner : LOOP=false
11/09/2019 20:12:40  INFO [           main] b.c.s.a.s.c.TestNgSuiteRunner : ------------------------ Início da execução ------------------------
11/09/2019 20:12:40  INFO [           main] b.c.s.a.s.c.TestNgSuiteRunner : Gerando suíte para execução local...
11/09/2019 20:17:34  INFO [           main] b.c.s.a.s.c.TestNgSuiteRunner : ------------------------ Início da execução ------------------------
11/09/2019 20:17:34  INFO [           main] b.c.s.a.s.c.TestNgSuiteRunner : Gerando suíte para execução local...
11/09/2019 20:19:13  INFO [           main] b.c.s.a.s.l.TestListener : Teste Test_0001_AberturaECredenciamento teve sucesso ...
11/09/2019 20:19:14  INFO [           main] b.c.s.a.s.l.SuiteListener : Finalizando a suíte de teste...
11/09/2019 20:19:14  INFO [           main] b.c.s.a.s.c.LoopRunner : LOOP=false
11/09/2019 20:20:09  INFO [           main] b.c.s.a.s.c.TestNgSuiteRunner : ------------------------ Início da execução ------------------------
11/09/2019 20:20:09  INFO [           main] b.c.s.a.s.c.TestNgSuiteRunner : Gerando suíte para execução local...
11/09/2019 20:22:27  INFO [           main] b.c.s.a.s.c.TestNgSuiteRunner : ------------------------ Início da execução ------------------------
11/09/2019 20:22:27  INFO [           main] b.c.s.a.s.c.TestNgSuiteRunner : Gerando suíte para execução local...
11/09/2019 20:24:18  INFO [           main] b.c.s.a.s.l.TestListener : Teste Test_0001_AberturaECredenciamento teve sucesso ...
11/09/2019 20:24:19  INFO [           main] b.c.s.a.s.l.SuiteListener : Finalizando a suíte de teste...
11/09/2019 20:24:19  INFO [           main] b.c.s.a.s.c.LoopRunner : LOOP=false
11/09/2019 20:24:45  INFO [           main] b.c.s.a.s.c.TestNgSuiteRunner : ------------------------ Início da execução ------------------------
11/09/2019 20:24:46  INFO [           main] b.c.s.a.s.c.TestNgSuiteRunner : Gerando suíte para execução local...
11/09/2019 20:26:21  INFO [           main] b.c.s.a.s.l.TestListener : Teste Test_0001_AberturaECredenciamento teve sucesso ...
11/09/2019 20:26:21  INFO [           main] b.c.s.a.s.l.SuiteListener : Finalizando a suíte de teste...
11/09/2019 20:26:21  INFO [           main] b.c.s.a.s.c.LoopRunner : LOOP=false
11/09/2019 20:26:30  INFO [           main] b.c.s.a.s.c.TestNgSuiteRunner : ------------------------ Início da execução ------------------------
11/09/2019 20:26:30  INFO [           main] b.c.s.a.s.c.TestNgSuiteRunner : Gerando suíte para execução local...
11/09/2019 20:27:59  INFO [           main] b.c.s.a.s.l.TestListener : Teste Test_0001_AberturaECredenciamento teve sucesso ...
11/09/2019 20:28:00  INFO [           main] b.c.s.a.s.l.SuiteListener : Finalizando a suíte de teste...
11/09/2019 20:28:00  INFO [           main] b.c.s.a.s.c.LoopRunner : LOOP=false
