27/08/2019 14:12:03  INFO [           main] b.c.s.a.s.c.TestNgSuiteRunner : ------------------------ Início da execução ------------------------
27/08/2019 14:12:03  INFO [           main] b.c.s.a.s.c.TestNgSuiteRunner : Gerando suíte para execução local...
27/08/2019 14:12:12  INFO [           main] b.c.s.a.s.l.TestListener : Teste Test_0001_TransferirSafra teve sucesso ...
27/08/2019 14:12:12  INFO [           main] b.c.s.a.s.l.SuiteListener : Finalizando a suíte de teste...
27/08/2019 14:12:12  INFO [           main] b.c.s.a.s.c.LoopRunner : LOOP=true
27/08/2019 14:12:12  INFO [           main] b.c.s.a.s.c.TestNgSuiteRunner : ------------------------ Início da execução ------------------------
27/08/2019 14:12:12  INFO [           main] b.c.s.a.s.c.TestNgSuiteRunner : Gerando suíte para execução local...
27/08/2019 14:12:16  INFO [           main] b.c.s.a.s.l.TestListener : Teste Test_0001_TransferirSafra teve sucesso ...
27/08/2019 14:12:18  INFO [           main] b.c.s.a.s.l.SuiteListener : Finalizando a suíte de teste...
27/08/2019 14:12:18  INFO [           main] b.c.s.a.s.c.LoopRunner : LOOP=true
27/08/2019 14:12:18  INFO [           main] b.c.s.a.s.c.TestNgSuiteRunner : ------------------------ Início da execução ------------------------
27/08/2019 14:12:18  INFO [           main] b.c.s.a.s.c.TestNgSuiteRunner : Gerando suíte para execução local...
27/08/2019 14:35:49 ERROR [           main] b.c.s.a.s.ExcelUtils : Erro ao salvar a pasta de Excel em '.\dados\Palavras.xlsx' ...
java.io.FileNotFoundException: .\dados\Palavras.xlsx (O arquivo já está sendo usado por outro processo)
	at java.io.FileOutputStream.open0(Native Method) ~[?:1.8.0_201]
	at java.io.FileOutputStream.open(Unknown Source) ~[?:1.8.0_201]
	at java.io.FileOutputStream.<init>(Unknown Source) ~[?:1.8.0_201]
	at java.io.FileOutputStream.<init>(Unknown Source) ~[?:1.8.0_201]
	at br.com.safra.automation.storage.ExcelUtils.salvaPlanilha(ExcelUtils.java:169) [classes/:?]
	at br.com.safra.app.runners.PegarCNPJParaMassa.PegandoPalavras(PegarCNPJParaMassa.java:138) [classes/:?]
	at br.com.safra.app.runners.PegarCNPJParaMassa.main(PegarCNPJParaMassa.java:17) [classes/:?]
27/08/2019 14:41:19 ERROR [           main] b.c.s.a.s.ExcelUtils : Erro ao salvar a pasta de Excel em '.\dados\Palavras.xlsx' ...
java.io.FileNotFoundException: .\dados\Palavras.xlsx (O arquivo já está sendo usado por outro processo)
	at java.io.FileOutputStream.open0(Native Method) ~[?:1.8.0_201]
	at java.io.FileOutputStream.open(Unknown Source) ~[?:1.8.0_201]
	at java.io.FileOutputStream.<init>(Unknown Source) ~[?:1.8.0_201]
	at java.io.FileOutputStream.<init>(Unknown Source) ~[?:1.8.0_201]
	at br.com.safra.automation.storage.ExcelUtils.salvaPlanilha(ExcelUtils.java:169) [classes/:?]
	at br.com.safra.app.runners.PegarCNPJParaMassa.PegandoPalavras(PegarCNPJParaMassa.java:138) [classes/:?]
	at br.com.safra.app.runners.PegarCNPJParaMassa.main(PegarCNPJParaMassa.java:17) [classes/:?]
27/08/2019 16:43:55  INFO [           main] b.c.s.a.s.c.TestNgSuiteRunner : ------------------------ Início da execução ------------------------
27/08/2019 16:43:55  INFO [           main] b.c.s.a.s.c.TestNgSuiteRunner : Gerando suíte para execução local...
27/08/2019 16:44:04  INFO [           main] b.c.s.a.s.l.TestListener : Teste Test_0001_TransferirSafra teve sucesso ...
27/08/2019 16:44:07  INFO [           main] b.c.s.a.s.l.SuiteListener : Finalizando a suíte de teste...
27/08/2019 16:44:07  INFO [           main] b.c.s.a.s.c.LoopRunner : LOOP=true
27/08/2019 16:44:07  INFO [           main] b.c.s.a.s.c.TestNgSuiteRunner : ------------------------ Início da execução ------------------------
27/08/2019 16:44:07  INFO [           main] b.c.s.a.s.c.TestNgSuiteRunner : Gerando suíte para execução local...
27/08/2019 16:44:14  INFO [           main] b.c.s.a.s.l.TestListener : Teste Test_0001_TransferirSafra teve sucesso ...
27/08/2019 16:44:16  INFO [           main] b.c.s.a.s.l.SuiteListener : Finalizando a suíte de teste...
27/08/2019 16:44:16  INFO [           main] b.c.s.a.s.c.LoopRunner : LOOP=true
27/08/2019 16:44:16  INFO [           main] b.c.s.a.s.c.TestNgSuiteRunner : ------------------------ Início da execução ------------------------
27/08/2019 16:44:16  INFO [           main] b.c.s.a.s.c.TestNgSuiteRunner : Gerando suíte para execução local...
27/08/2019 16:44:24  INFO [           main] b.c.s.a.s.l.TestListener : Teste Test_0001_TransferirSafra teve sucesso ...
27/08/2019 16:44:27  INFO [           main] b.c.s.a.s.l.SuiteListener : Finalizando a suíte de teste...
27/08/2019 16:44:27  INFO [           main] b.c.s.a.s.c.LoopRunner : LOOP=true
27/08/2019 16:44:27  INFO [           main] b.c.s.a.s.c.TestNgSuiteRunner : ------------------------ Início da execução ------------------------
27/08/2019 16:44:27  INFO [           main] b.c.s.a.s.c.TestNgSuiteRunner : Gerando suíte para execução local...
27/08/2019 16:44:34  INFO [           main] b.c.s.a.s.l.TestListener : Teste Test_0001_TransferirSafra teve sucesso ...
27/08/2019 16:44:36  INFO [           main] b.c.s.a.s.l.SuiteListener : Finalizando a suíte de teste...
27/08/2019 16:44:36  INFO [           main] b.c.s.a.s.c.LoopRunner : LOOP=false
27/08/2019 16:46:37  INFO [           main] b.c.s.a.s.c.TestNgSuiteRunner : ------------------------ Início da execução ------------------------
27/08/2019 16:46:37  INFO [           main] b.c.s.a.s.c.TestNgSuiteRunner : Gerando suíte para execução local...
27/08/2019 16:46:51  INFO [           main] b.c.s.a.s.l.TestListener : Teste Test_0001_TransferirSafra teve sucesso ...
27/08/2019 16:46:54  INFO [           main] b.c.s.a.s.l.SuiteListener : Finalizando a suíte de teste...
27/08/2019 16:46:54  INFO [           main] b.c.s.a.s.c.LoopRunner : LOOP=false
27/08/2019 16:47:06  INFO [           main] b.c.s.a.s.c.TestNgSuiteRunner : ------------------------ Início da execução ------------------------
27/08/2019 16:47:06  INFO [           main] b.c.s.a.s.c.TestNgSuiteRunner : Gerando suíte para execução local...
27/08/2019 16:47:22  INFO [           main] b.c.s.a.s.l.TestListener : Teste Test_0001_TransferirSafra teve sucesso ...
27/08/2019 16:47:25  INFO [           main] b.c.s.a.s.l.SuiteListener : Finalizando a suíte de teste...
27/08/2019 16:47:25  INFO [           main] b.c.s.a.s.c.LoopRunner : LOOP=true
27/08/2019 16:47:25  INFO [           main] b.c.s.a.s.c.TestNgSuiteRunner : ------------------------ Início da execução ------------------------
27/08/2019 16:47:25  INFO [           main] b.c.s.a.s.c.TestNgSuiteRunner : Gerando suíte para execução local...
27/08/2019 16:52:33  INFO [           main] b.c.s.a.s.c.TestNgSuiteRunner : ------------------------ Início da execução ------------------------
27/08/2019 16:52:33  INFO [           main] b.c.s.a.s.c.TestNgSuiteRunner : Gerando suíte para execução local...
27/08/2019 16:52:42  INFO [           main] b.c.s.a.s.l.TestListener : Teste Test_0001_TransferirSafra teve sucesso ...
27/08/2019 16:52:45  INFO [           main] b.c.s.a.s.l.SuiteListener : Finalizando a suíte de teste...
27/08/2019 16:52:45  INFO [           main] b.c.s.a.s.c.LoopRunner : LOOP=true
27/08/2019 16:52:45  INFO [           main] b.c.s.a.s.c.TestNgSuiteRunner : ------------------------ Início da execução ------------------------
27/08/2019 16:52:45  INFO [           main] b.c.s.a.s.c.TestNgSuiteRunner : Gerando suíte para execução local...
27/08/2019 17:05:56  INFO [           main] b.c.s.a.s.c.TestNgSuiteRunner : ------------------------ Início da execução ------------------------
27/08/2019 17:05:56  INFO [           main] b.c.s.a.s.c.TestNgSuiteRunner : Gerando suíte para execução local...
27/08/2019 17:06:09  INFO [           main] b.c.s.a.s.l.TestListener : Teste Test_0001_TransferirSafra teve sucesso ...
27/08/2019 17:06:19  INFO [           main] b.c.s.a.s.l.TestListener : Teste Test_0001_AberturaECredenciamento teve sucesso ...
27/08/2019 17:06:21  INFO [           main] b.c.s.a.s.l.SuiteListener : Finalizando a suíte de teste...
27/08/2019 17:06:21  INFO [           main] b.c.s.a.s.c.LoopRunner : LOOP=false
27/08/2019 17:10:15  INFO [           main] b.c.s.a.s.c.TestNgSuiteRunner : ------------------------ Início da execução ------------------------
27/08/2019 17:10:15  INFO [           main] b.c.s.a.s.c.TestNgSuiteRunner : Gerando suíte para execução local...
27/08/2019 17:10:24  INFO [           main] b.c.s.a.s.l.TestListener : Teste Test_0002_TransferirSafra teve sucesso ...
27/08/2019 17:10:32  INFO [           main] b.c.s.a.s.l.TestListener : Teste Test_0001_AberturaECredenciamento teve sucesso ...
27/08/2019 17:10:35  INFO [           main] b.c.s.a.s.l.SuiteListener : Finalizando a suíte de teste...
27/08/2019 17:10:35  INFO [           main] b.c.s.a.s.c.LoopRunner : LOOP=false
27/08/2019 17:11:24  INFO [           main] b.c.s.a.s.c.TestNgSuiteRunner : ------------------------ Início da execução ------------------------
27/08/2019 17:11:24  INFO [           main] b.c.s.a.s.c.TestNgSuiteRunner : Gerando suíte para execução local...
27/08/2019 17:12:30  INFO [           main] b.c.s.a.s.l.TestListener : Teste Test_0002_TransferirSafra teve sucesso ...
27/08/2019 17:12:54  INFO [           main] b.c.s.a.s.l.TestListener : Teste Test_0001_AberturaECredenciamento teve sucesso ...
27/08/2019 17:12:57  INFO [           main] b.c.s.a.s.l.SuiteListener : Finalizando a suíte de teste...
27/08/2019 17:12:57  INFO [           main] b.c.s.a.s.c.LoopRunner : LOOP=false
27/08/2019 17:16:05  INFO [           main] b.c.s.a.s.c.TestNgSuiteRunner : ------------------------ Início da execução ------------------------
27/08/2019 17:16:05  INFO [           main] b.c.s.a.s.c.TestNgSuiteRunner : Gerando suíte para execução local...
27/08/2019 17:16:31  INFO [           main] b.c.s.a.s.c.TestNgSuiteRunner : ------------------------ Início da execução ------------------------
27/08/2019 17:16:31  INFO [           main] b.c.s.a.s.c.TestNgSuiteRunner : Gerando suíte para execução local...
27/08/2019 17:18:39  INFO [           main] b.c.s.a.s.c.TestNgSuiteRunner : ------------------------ Início da execução ------------------------
27/08/2019 17:18:39  INFO [           main] b.c.s.a.s.c.TestNgSuiteRunner : Gerando suíte para execução local...
27/08/2019 17:22:15  INFO [           main] b.c.s.a.s.c.TestNgSuiteRunner : ------------------------ Início da execução ------------------------
27/08/2019 17:22:15  INFO [           main] b.c.s.a.s.c.TestNgSuiteRunner : Gerando suíte para execução local...
27/08/2019 17:34:59  INFO [           main] b.c.s.a.s.c.TestNgSuiteRunner : ------------------------ Início da execução ------------------------
27/08/2019 17:34:59  INFO [           main] b.c.s.a.s.c.TestNgSuiteRunner : Gerando suíte para execução local...
27/08/2019 17:35:07  INFO [           main] b.c.s.a.s.l.TestListener : Teste Test_0002_TransferirSafra teve sucesso ...
27/08/2019 17:35:15  INFO [           main] b.c.s.a.s.l.TestListener : Teste Test_0001_AberturaECredenciamento teve sucesso ...
27/08/2019 17:35:17  INFO [           main] b.c.s.a.s.l.SuiteListener : Finalizando a suíte de teste...
27/08/2019 17:35:17  INFO [           main] b.c.s.a.s.c.LoopRunner : LOOP=false
27/08/2019 17:37:07  INFO [           main] b.c.s.a.s.c.TestNgSuiteRunner : ------------------------ Início da execução ------------------------
27/08/2019 17:37:07  INFO [           main] b.c.s.a.s.c.TestNgSuiteRunner : Gerando suíte para execução local...
27/08/2019 17:38:17  INFO [           main] b.c.s.a.s.l.TestListener : Teste Test_0002_TransferirSafra teve sucesso ...
27/08/2019 18:17:57  INFO [           main] b.c.s.a.s.c.TestNgSuiteRunner : ------------------------ Início da execução ------------------------
27/08/2019 18:17:57  INFO [           main] b.c.s.a.s.c.TestNgSuiteRunner : Gerando suíte para execução local...
27/08/2019 18:18:46  INFO [           main] b.c.s.a.s.l.TestListener : Teste Test_0002_TransferirSafra teve sucesso ...
27/08/2019 18:19:07  INFO [           main] b.c.s.a.s.l.TestListener : Teste Test_0001_AberturaECredenciamento teve sucesso ...
27/08/2019 18:19:10  INFO [           main] b.c.s.a.s.l.SuiteListener : Finalizando a suíte de teste...
27/08/2019 18:19:10  INFO [           main] b.c.s.a.s.c.LoopRunner : LOOP=false
27/08/2019 18:19:27  INFO [           main] b.c.s.a.s.c.TestNgSuiteRunner : ------------------------ Início da execução ------------------------
27/08/2019 18:19:27  INFO [           main] b.c.s.a.s.c.TestNgSuiteRunner : Gerando suíte para execução local...
27/08/2019 18:19:35  INFO [           main] b.c.s.a.s.l.TestListener : Teste Test_0002_TransferirSafra teve sucesso ...
27/08/2019 18:19:43  INFO [           main] b.c.s.a.s.l.TestListener : Teste Test_0001_AberturaECredenciamento teve sucesso ...
27/08/2019 18:19:45  INFO [           main] b.c.s.a.s.l.SuiteListener : Finalizando a suíte de teste...
27/08/2019 18:19:45  INFO [           main] b.c.s.a.s.c.LoopRunner : LOOP=false
27/08/2019 18:20:37  INFO [           main] b.c.s.a.s.c.TestNgSuiteRunner : ------------------------ Início da execução ------------------------
27/08/2019 18:20:37  INFO [           main] b.c.s.a.s.c.TestNgSuiteRunner : Gerando suíte para execução local...
27/08/2019 18:20:43  INFO [           main] b.c.s.a.s.l.TestListener : Teste Test_0002_TransferirSafra teve sucesso ...
27/08/2019 18:20:50  INFO [           main] b.c.s.a.s.l.TestListener : Teste Test_0001_AberturaECredenciamento teve sucesso ...
27/08/2019 18:20:53  INFO [           main] b.c.s.a.s.l.SuiteListener : Finalizando a suíte de teste...
27/08/2019 18:20:53  INFO [           main] b.c.s.a.s.c.LoopRunner : LOOP=false
27/08/2019 18:31:29  INFO [           main] b.c.s.a.s.c.TestNgSuiteRunner : ------------------------ Início da execução ------------------------
27/08/2019 18:31:29  INFO [           main] b.c.s.a.s.c.TestNgSuiteRunner : Gerando suíte para execução local...
27/08/2019 18:31:53  INFO [           main] b.c.s.a.s.l.TestListener : Teste Test_0002_TransferirSafra teve sucesso ...
27/08/2019 18:32:12  INFO [           main] b.c.s.a.s.l.TestListener : Teste Test_0001_AberturaECredenciamento teve sucesso ...
27/08/2019 18:32:15  INFO [           main] b.c.s.a.s.l.SuiteListener : Finalizando a suíte de teste...
27/08/2019 18:32:15  INFO [           main] b.c.s.a.s.c.LoopRunner : LOOP=false
27/08/2019 18:33:03  INFO [           main] b.c.s.a.s.c.TestNgSuiteRunner : ------------------------ Início da execução ------------------------
27/08/2019 18:33:03  INFO [           main] b.c.s.a.s.c.TestNgSuiteRunner : Gerando suíte para execução local...
27/08/2019 18:33:38  INFO [           main] b.c.s.a.s.l.TestListener : Teste Test_0002_TransferirSafra teve sucesso ...
27/08/2019 18:33:57  INFO [           main] b.c.s.a.s.l.TestListener : Teste Test_0001_AberturaECredenciamento teve sucesso ...
27/08/2019 18:34:00  INFO [           main] b.c.s.a.s.l.SuiteListener : Finalizando a suíte de teste...
27/08/2019 18:34:00  INFO [           main] b.c.s.a.s.c.LoopRunner : LOOP=false
27/08/2019 18:36:40  INFO [           main] b.c.s.a.s.c.TestNgSuiteRunner : ------------------------ Início da execução ------------------------
27/08/2019 18:36:40  INFO [           main] b.c.s.a.s.c.TestNgSuiteRunner : Gerando suíte para execução local...
27/08/2019 18:37:45  INFO [           main] b.c.s.a.s.l.TestListener : Teste Test_0002_TransferirSafra teve sucesso ...
27/08/2019 18:38:34  INFO [           main] b.c.s.a.s.l.TestListener : Teste Test_0001_AberturaECredenciamento teve sucesso ...
27/08/2019 18:38:36  INFO [           main] b.c.s.a.s.l.SuiteListener : Finalizando a suíte de teste...
27/08/2019 18:38:36  INFO [           main] b.c.s.a.s.c.LoopRunner : LOOP=false
27/08/2019 18:53:19  INFO [           main] b.c.s.a.s.c.TestNgSuiteRunner : ------------------------ Início da execução ------------------------
27/08/2019 18:53:19  INFO [           main] b.c.s.a.s.c.TestNgSuiteRunner : Gerando suíte para execução local...
27/08/2019 18:53:20  INFO [           main] b.c.s.a.s.l.TestListener : Teste Test_0002_TransferirSafra foi pulado ...
27/08/2019 18:53:20  INFO [           main] b.c.s.a.s.l.TestListener : Teste Test_0001_AberturaECredenciamento foi pulado ...
27/08/2019 18:53:20  INFO [           main] b.c.s.a.s.l.SuiteListener : Finalizando a suíte de teste...
27/08/2019 18:53:20  INFO [           main] b.c.s.a.s.c.LoopRunner : LOOP=false
27/08/2019 18:54:40  INFO [           main] b.c.s.a.s.c.TestNgSuiteRunner : ------------------------ Início da execução ------------------------
27/08/2019 18:54:40  INFO [           main] b.c.s.a.s.c.TestNgSuiteRunner : Gerando suíte para execução local...
27/08/2019 18:54:51  INFO [           main] b.c.s.a.s.l.TestListener : Teste Test_0002_TransferirSafra teve sucesso ...
27/08/2019 18:55:07  INFO [           main] b.c.s.a.s.l.TestListener : Teste Test_0001_AberturaECredenciamento teve sucesso ...
27/08/2019 18:55:10  INFO [           main] b.c.s.a.s.l.SuiteListener : Finalizando a suíte de teste...
27/08/2019 18:55:10  INFO [           main] b.c.s.a.s.c.LoopRunner : LOOP=false
27/08/2019 19:24:23  INFO [           main] b.c.s.a.s.c.TestNgSuiteRunner : ------------------------ Início da execução ------------------------
27/08/2019 19:24:23  INFO [           main] b.c.s.a.s.c.TestNgSuiteRunner : Gerando suíte para execução local...
27/08/2019 19:25:49  INFO [           main] b.c.s.a.s.l.TestListener : Teste Test_0002_TransferirSafra teve sucesso ...
27/08/2019 19:25:58  INFO [           main] b.c.s.a.s.l.TestListener : Teste Test_0001_AberturaECredenciamento teve sucesso ...
27/08/2019 19:26:01  INFO [           main] b.c.s.a.s.l.SuiteListener : Finalizando a suíte de teste...
27/08/2019 19:26:01  INFO [           main] b.c.s.a.s.c.LoopRunner : LOOP=false
27/08/2019 19:26:46  INFO [           main] b.c.s.a.s.c.TestNgSuiteRunner : ------------------------ Início da execução ------------------------
27/08/2019 19:26:46  INFO [           main] b.c.s.a.s.c.TestNgSuiteRunner : Gerando suíte para execução local...
27/08/2019 19:26:57  INFO [           main] b.c.s.a.s.l.TestListener : Teste Test_0002_TransferirSafra teve sucesso ...
27/08/2019 19:27:21  INFO [           main] b.c.s.a.s.c.TestNgSuiteRunner : ------------------------ Início da execução ------------------------
27/08/2019 19:27:21  INFO [           main] b.c.s.a.s.c.TestNgSuiteRunner : Gerando suíte para execução local...
27/08/2019 19:27:34  INFO [           main] b.c.s.a.s.l.TestListener : Teste Test_0002_TransferirSafra teve sucesso ...
27/08/2019 19:27:52  INFO [           main] b.c.s.a.s.l.TestListener : Teste Test_0001_AberturaECredenciamento teve sucesso ...
27/08/2019 19:27:55  INFO [           main] b.c.s.a.s.l.SuiteListener : Finalizando a suíte de teste...
27/08/2019 19:27:55  INFO [           main] b.c.s.a.s.c.LoopRunner : LOOP=false
27/08/2019 19:28:27  INFO [           main] b.c.s.a.s.c.TestNgSuiteRunner : ------------------------ Início da execução ------------------------
27/08/2019 19:28:27  INFO [           main] b.c.s.a.s.c.TestNgSuiteRunner : Gerando suíte para execução local...
27/08/2019 19:28:44  INFO [           main] b.c.s.a.s.l.TestListener : Teste Test_0002_TransferirSafra teve sucesso ...
27/08/2019 19:29:07  INFO [           main] b.c.s.a.s.l.TestListener : Teste Test_0001_AberturaECredenciamento teve sucesso ...
27/08/2019 19:29:09  INFO [           main] b.c.s.a.s.l.SuiteListener : Finalizando a suíte de teste...
27/08/2019 19:29:09  INFO [           main] b.c.s.a.s.c.LoopRunner : LOOP=false
27/08/2019 19:30:40  INFO [           main] b.c.s.a.s.c.TestNgSuiteRunner : ------------------------ Início da execução ------------------------
27/08/2019 19:30:40  INFO [           main] b.c.s.a.s.c.TestNgSuiteRunner : Gerando suíte para execução local...
27/08/2019 19:30:58  INFO [           main] b.c.s.a.s.l.TestListener : Teste Test_0002_TransferirSafra teve sucesso ...
27/08/2019 19:31:21  INFO [           main] b.c.s.a.s.l.TestListener : Teste Test_0001_AberturaECredenciamento teve sucesso ...
27/08/2019 19:31:23  INFO [           main] b.c.s.a.s.l.SuiteListener : Finalizando a suíte de teste...
27/08/2019 19:31:23  INFO [           main] b.c.s.a.s.c.LoopRunner : LOOP=false
27/08/2019 19:32:28  INFO [           main] b.c.s.a.s.c.TestNgSuiteRunner : ------------------------ Início da execução ------------------------
27/08/2019 19:32:28  INFO [           main] b.c.s.a.s.c.TestNgSuiteRunner : Gerando suíte para execução local...
27/08/2019 19:32:55  INFO [           main] b.c.s.a.s.l.TestListener : Teste Test_0001_AberturaECredenciamento teve sucesso ...
27/08/2019 19:32:57  INFO [           main] b.c.s.a.s.l.SuiteListener : Finalizando a suíte de teste...
27/08/2019 19:32:57  INFO [           main] b.c.s.a.s.c.LoopRunner : LOOP=false
27/08/2019 19:41:38  INFO [           main] b.c.s.a.s.c.TestNgSuiteRunner : ------------------------ Início da execução ------------------------
27/08/2019 19:41:38  INFO [           main] b.c.s.a.s.c.TestNgSuiteRunner : Gerando suíte para execução local...
27/08/2019 19:45:17  INFO [           main] b.c.s.a.s.c.TestNgSuiteRunner : ------------------------ Início da execução ------------------------
27/08/2019 19:45:17  INFO [           main] b.c.s.a.s.c.TestNgSuiteRunner : Gerando suíte para execução local...
27/08/2019 19:47:45  INFO [           main] b.c.s.a.s.c.TestNgSuiteRunner : ------------------------ Início da execução ------------------------
27/08/2019 19:47:45  INFO [           main] b.c.s.a.s.c.TestNgSuiteRunner : Gerando suíte para execução local...
27/08/2019 19:47:58  INFO [           main] b.c.s.a.s.l.TestListener : Teste Test_0001_AberturaECredenciamento teve sucesso ...
27/08/2019 19:48:01  INFO [           main] b.c.s.a.s.l.SuiteListener : Finalizando a suíte de teste...
27/08/2019 19:48:01  INFO [           main] b.c.s.a.s.c.LoopRunner : LOOP=false
27/08/2019 19:49:10  INFO [           main] b.c.s.a.s.c.TestNgSuiteRunner : ------------------------ Início da execução ------------------------
27/08/2019 19:49:10  INFO [           main] b.c.s.a.s.c.TestNgSuiteRunner : Gerando suíte para execução local...
27/08/2019 19:49:19  INFO [           main] b.c.s.a.s.l.TestListener : Teste Test_0001_AberturaECredenciamento teve sucesso ...
27/08/2019 19:49:33  INFO [           main] b.c.s.a.s.c.TestNgSuiteRunner : ------------------------ Início da execução ------------------------
27/08/2019 19:49:33  INFO [           main] b.c.s.a.s.c.TestNgSuiteRunner : Gerando suíte para execução local...
27/08/2019 19:49:42  INFO [           main] b.c.s.a.s.l.TestListener : Teste Test_0001_AberturaECredenciamento teve sucesso ...
27/08/2019 19:49:43 ERROR [           main] b.c.s.a.s.l.TestListener : Não foi possível fazer captura de tela...
java.lang.RuntimeException: Unexpected result for screenshot command: null
	at org.openqa.selenium.remote.RemoteWebDriver.getScreenshotAs(RemoteWebDriver.java:298) ~[selenium-remote-driver-3.12.0.jar:?]
	at br.com.safra.automation.selenium.listeners.TestListener.writeScreenshotToFile(TestListener.java:168) ~[classes/:?]
	at br.com.safra.automation.selenium.listeners.TestListener.saveScreenshot(TestListener.java:185) [classes/:?]
	at br.com.safra.automation.selenium.listeners.TestListener.capturaTela(TestListener.java:205) [classes/:?]
	at br.com.safra.automation.selenium.listeners.TestListener.finalizaTesteFeito(TestListener.java:85) [classes/:?]
	at br.com.safra.automation.selenium.listeners.TestListener.onTestSuccess(TestListener.java:75) [classes/:?]
	at org.testng.internal.Invoker.runTestListeners(Invoker.java:1735) [testng-6.11.jar:?]
	at org.testng.internal.Invoker.runTestListeners(Invoker.java:1714) [testng-6.11.jar:?]
	at org.testng.internal.Invoker.invokeMethod(Invoker.java:714) [testng-6.11.jar:?]
	at org.testng.internal.Invoker.invokeTestMethod(Invoker.java:869) [testng-6.11.jar:?]
	at org.testng.internal.Invoker.invokeTestMethods(Invoker.java:1193) [testng-6.11.jar:?]
	at org.testng.internal.TestMethodWorker.invokeTestMethods(TestMethodWorker.java:126) [testng-6.11.jar:?]
	at org.testng.internal.TestMethodWorker.run(TestMethodWorker.java:109) [testng-6.11.jar:?]
	at org.testng.TestRunner.privateRun(TestRunner.java:744) [testng-6.11.jar:?]
	at org.testng.TestRunner.run(TestRunner.java:602) [testng-6.11.jar:?]
	at org.testng.SuiteRunner.runTest(SuiteRunner.java:380) [testng-6.11.jar:?]
	at org.testng.SuiteRunner.runSequentially(SuiteRunner.java:375) [testng-6.11.jar:?]
	at org.testng.SuiteRunner.privateRun(SuiteRunner.java:340) [testng-6.11.jar:?]
	at org.testng.SuiteRunner.run(SuiteRunner.java:289) [testng-6.11.jar:?]
	at org.testng.SuiteRunnerWorker.runSuite(SuiteRunnerWorker.java:52) [testng-6.11.jar:?]
	at org.testng.SuiteRunnerWorker.run(SuiteRunnerWorker.java:86) [testng-6.11.jar:?]
	at org.testng.TestNG.runSuitesSequentially(TestNG.java:1301) [testng-6.11.jar:?]
	at org.testng.TestNG.runSuitesLocally(TestNG.java:1226) [testng-6.11.jar:?]
	at org.testng.TestNG.runSuites(TestNG.java:1144) [testng-6.11.jar:?]
	at org.testng.TestNG.run(TestNG.java:1115) [testng-6.11.jar:?]
	at br.com.safra.automation.selenium.config.TestNgSuiteRunner.execute(TestNgSuiteRunner.java:55) [classes/:?]
	at br.com.safra.automation.selenium.config.LoopRunner.executarLocal(LoopRunner.java:63) [classes/:?]
	at br.com.safra.automation.selenium.config.LoopRunner.executar(LoopRunner.java:42) [classes/:?]
	at br.com.safra.automation.selenium.config.LoopRunner.executar(LoopRunner.java:24) [classes/:?]
	at br.com.safra.app.runners.Main.main(Main.java:9) [classes/:?]
27/08/2019 19:49:43  INFO [           main] b.c.s.a.s.l.SuiteListener : Finalizando a suíte de teste...
27/08/2019 19:49:43  INFO [           main] b.c.s.a.s.c.LoopRunner : LOOP=false
27/08/2019 19:50:55  INFO [           main] b.c.s.a.s.c.TestNgSuiteRunner : ------------------------ Início da execução ------------------------
27/08/2019 19:50:55  INFO [           main] b.c.s.a.s.c.TestNgSuiteRunner : Gerando suíte para execução local...
27/08/2019 19:51:52  INFO [           main] b.c.s.a.s.c.TestNgSuiteRunner : ------------------------ Início da execução ------------------------
27/08/2019 19:51:52  INFO [           main] b.c.s.a.s.c.TestNgSuiteRunner : Gerando suíte para execução local...
27/08/2019 19:52:00  INFO [           main] b.c.s.a.s.l.TestListener : Teste Test_0001_AberturaECredenciamento teve sucesso ...
27/08/2019 19:52:01 ERROR [           main] b.c.s.a.s.l.TestListener : Não foi possível fazer captura de tela...
org.openqa.selenium.NoSuchWindowException: no such window: target window already closed
from unknown error: web view not found
  (Session info: chrome=76.0.3809.100)
  (Driver info: chromedriver=2.39.562718 (9a2698cba08cf5a471a29d30c8b3e12becabb0e9),platform=Windows NT 10.0.17763 x86_64) (WARNING: The server did not provide any stacktrace information)
Command duration or timeout: 0 milliseconds
Build info: version: '3.12.0', revision: '7c6e0b3', time: '2018-05-08T14:04:26.12Z'
System info: host: 'RSI4564', ip: '192.168.43.201', os.name: 'Windows 10', os.arch: 'amd64', os.version: '10.0', java.version: '1.8.0_201'
Driver info: org.openqa.selenium.chrome.ChromeDriver
Capabilities {acceptInsecureCerts: false, acceptSslCerts: false, applicationCacheEnabled: false, browserConnectionEnabled: false, browserName: chrome, chrome: {chromedriverVersion: 2.39.562718 (9a2698cba08cf5..., userDataDir: C:\Users\WELLIN~1.BRI\AppDa...}, cssSelectorsEnabled: true, databaseEnabled: false, handlesAlerts: true, hasTouchScreen: false, javascriptEnabled: true, locationContextEnabled: true, mobileEmulationEnabled: false, nativeEvents: true, networkConnectionEnabled: false, pageLoadStrategy: normal, platform: XP, platformName: XP, rotatable: false, setWindowRect: true, takesHeapSnapshot: true, takesScreenshot: true, unexpectedAlertBehaviour: , unhandledPromptBehavior: , version: 76.0.3809.100, webStorageEnabled: true}
Session ID: 7bf3017a69d2425838a9206944d29c3d
	at sun.reflect.NativeConstructorAccessorImpl.newInstance0(Native Method) ~[?:1.8.0_201]
	at sun.reflect.NativeConstructorAccessorImpl.newInstance(Unknown Source) ~[?:1.8.0_201]
	at sun.reflect.DelegatingConstructorAccessorImpl.newInstance(Unknown Source) ~[?:1.8.0_201]
	at java.lang.reflect.Constructor.newInstance(Unknown Source) ~[?:1.8.0_201]
	at org.openqa.selenium.remote.ErrorHandler.createThrowable(ErrorHandler.java:214) ~[selenium-remote-driver-3.12.0.jar:?]
	at org.openqa.selenium.remote.ErrorHandler.throwIfResponseFailed(ErrorHandler.java:166) ~[selenium-remote-driver-3.12.0.jar:?]
	at org.openqa.selenium.remote.http.JsonHttpResponseCodec.reconstructValue(JsonHttpResponseCodec.java:40) ~[selenium-remote-driver-3.12.0.jar:?]
	at org.openqa.selenium.remote.http.AbstractHttpResponseCodec.decode(AbstractHttpResponseCodec.java:80) ~[selenium-remote-driver-3.12.0.jar:?]
	at org.openqa.selenium.remote.http.AbstractHttpResponseCodec.decode(AbstractHttpResponseCodec.java:44) ~[selenium-remote-driver-3.12.0.jar:?]
	at org.openqa.selenium.remote.HttpCommandExecutor.execute(HttpCommandExecutor.java:158) ~[selenium-remote-driver-3.12.0.jar:?]
	at org.openqa.selenium.remote.service.DriverCommandExecutor.execute(DriverCommandExecutor.java:83) ~[selenium-remote-driver-3.12.0.jar:?]
	at org.openqa.selenium.remote.RemoteWebDriver.execute(RemoteWebDriver.java:543) ~[selenium-remote-driver-3.12.0.jar:?]
	at org.openqa.selenium.remote.RemoteWebDriver.execute(RemoteWebDriver.java:600) ~[selenium-remote-driver-3.12.0.jar:?]
	at org.openqa.selenium.remote.RemoteWebDriver.getScreenshotAs(RemoteWebDriver.java:289) ~[selenium-remote-driver-3.12.0.jar:?]
	at br.com.safra.automation.selenium.listeners.TestListener.writeScreenshotToFile(TestListener.java:168) ~[classes/:?]
	at br.com.safra.automation.selenium.listeners.TestListener.saveScreenshot(TestListener.java:185) [classes/:?]
	at br.com.safra.automation.selenium.listeners.TestListener.capturaTela(TestListener.java:205) [classes/:?]
	at br.com.safra.automation.selenium.listeners.TestListener.finalizaTesteFeito(TestListener.java:85) [classes/:?]
	at br.com.safra.automation.selenium.listeners.TestListener.onTestSuccess(TestListener.java:75) [classes/:?]
	at org.testng.internal.Invoker.runTestListeners(Invoker.java:1735) [testng-6.11.jar:?]
	at org.testng.internal.Invoker.runTestListeners(Invoker.java:1714) [testng-6.11.jar:?]
	at org.testng.internal.Invoker.invokeMethod(Invoker.java:714) [testng-6.11.jar:?]
	at org.testng.internal.Invoker.invokeTestMethod(Invoker.java:869) [testng-6.11.jar:?]
	at org.testng.internal.Invoker.invokeTestMethods(Invoker.java:1193) [testng-6.11.jar:?]
	at org.testng.internal.TestMethodWorker.invokeTestMethods(TestMethodWorker.java:126) [testng-6.11.jar:?]
	at org.testng.internal.TestMethodWorker.run(TestMethodWorker.java:109) [testng-6.11.jar:?]
	at org.testng.TestRunner.privateRun(TestRunner.java:744) [testng-6.11.jar:?]
	at org.testng.TestRunner.run(TestRunner.java:602) [testng-6.11.jar:?]
	at org.testng.SuiteRunner.runTest(SuiteRunner.java:380) [testng-6.11.jar:?]
	at org.testng.SuiteRunner.runSequentially(SuiteRunner.java:375) [testng-6.11.jar:?]
	at org.testng.SuiteRunner.privateRun(SuiteRunner.java:340) [testng-6.11.jar:?]
	at org.testng.SuiteRunner.run(SuiteRunner.java:289) [testng-6.11.jar:?]
	at org.testng.SuiteRunnerWorker.runSuite(SuiteRunnerWorker.java:52) [testng-6.11.jar:?]
	at org.testng.SuiteRunnerWorker.run(SuiteRunnerWorker.java:86) [testng-6.11.jar:?]
	at org.testng.TestNG.runSuitesSequentially(TestNG.java:1301) [testng-6.11.jar:?]
	at org.testng.TestNG.runSuitesLocally(TestNG.java:1226) [testng-6.11.jar:?]
	at org.testng.TestNG.runSuites(TestNG.java:1144) [testng-6.11.jar:?]
	at org.testng.TestNG.run(TestNG.java:1115) [testng-6.11.jar:?]
	at br.com.safra.automation.selenium.config.TestNgSuiteRunner.execute(TestNgSuiteRunner.java:55) [classes/:?]
	at br.com.safra.automation.selenium.config.LoopRunner.executarLocal(LoopRunner.java:63) [classes/:?]
	at br.com.safra.automation.selenium.config.LoopRunner.executar(LoopRunner.java:42) [classes/:?]
	at br.com.safra.automation.selenium.config.LoopRunner.executar(LoopRunner.java:24) [classes/:?]
	at br.com.safra.app.runners.Main.main(Main.java:9) [classes/:?]
27/08/2019 19:52:18  INFO [           main] b.c.s.a.s.c.TestNgSuiteRunner : ------------------------ Início da execução ------------------------
27/08/2019 19:52:18  INFO [           main] b.c.s.a.s.c.TestNgSuiteRunner : Gerando suíte para execução local...
27/08/2019 19:52:28  INFO [           main] b.c.s.a.s.l.TestListener : Teste Test_0001_AberturaECredenciamento teve sucesso ...
27/08/2019 19:52:31  INFO [           main] b.c.s.a.s.l.SuiteListener : Finalizando a suíte de teste...
27/08/2019 19:52:31  INFO [           main] b.c.s.a.s.c.LoopRunner : LOOP=false
27/08/2019 19:52:45  INFO [           main] b.c.s.a.s.c.TestNgSuiteRunner : ------------------------ Início da execução ------------------------
27/08/2019 19:52:45  INFO [           main] b.c.s.a.s.c.TestNgSuiteRunner : Gerando suíte para execução local...
27/08/2019 19:52:55  INFO [           main] b.c.s.a.s.l.TestListener : Teste Test_0001_AberturaECredenciamento teve sucesso ...
27/08/2019 19:52:55 ERROR [           main] b.c.s.a.s.l.TestListener : Não foi possível fazer captura de tela...
org.openqa.selenium.NoSuchWindowException: no such window: target window already closed
from unknown error: web view not found
  (Session info: chrome=76.0.3809.100)
  (Driver info: chromedriver=2.39.562718 (9a2698cba08cf5a471a29d30c8b3e12becabb0e9),platform=Windows NT 10.0.17763 x86_64) (WARNING: The server did not provide any stacktrace information)
Command duration or timeout: 0 milliseconds
Build info: version: '3.12.0', revision: '7c6e0b3', time: '2018-05-08T14:04:26.12Z'
System info: host: 'RSI4564', ip: '192.168.43.201', os.name: 'Windows 10', os.arch: 'amd64', os.version: '10.0', java.version: '1.8.0_201'
Driver info: org.openqa.selenium.chrome.ChromeDriver
Capabilities {acceptInsecureCerts: false, acceptSslCerts: false, applicationCacheEnabled: false, browserConnectionEnabled: false, browserName: chrome, chrome: {chromedriverVersion: 2.39.562718 (9a2698cba08cf5..., userDataDir: C:\Users\WELLIN~1.BRI\AppDa...}, cssSelectorsEnabled: true, databaseEnabled: false, handlesAlerts: true, hasTouchScreen: false, javascriptEnabled: true, locationContextEnabled: true, mobileEmulationEnabled: false, nativeEvents: true, networkConnectionEnabled: false, pageLoadStrategy: normal, platform: XP, platformName: XP, rotatable: false, setWindowRect: true, takesHeapSnapshot: true, takesScreenshot: true, unexpectedAlertBehaviour: , unhandledPromptBehavior: , version: 76.0.3809.100, webStorageEnabled: true}
Session ID: 0f6dd72c93f8ba7a1974de9a463628ad
	at sun.reflect.NativeConstructorAccessorImpl.newInstance0(Native Method) ~[?:1.8.0_201]
	at sun.reflect.NativeConstructorAccessorImpl.newInstance(Unknown Source) ~[?:1.8.0_201]
	at sun.reflect.DelegatingConstructorAccessorImpl.newInstance(Unknown Source) ~[?:1.8.0_201]
	at java.lang.reflect.Constructor.newInstance(Unknown Source) ~[?:1.8.0_201]
	at org.openqa.selenium.remote.ErrorHandler.createThrowable(ErrorHandler.java:214) ~[selenium-remote-driver-3.12.0.jar:?]
	at org.openqa.selenium.remote.ErrorHandler.throwIfResponseFailed(ErrorHandler.java:166) ~[selenium-remote-driver-3.12.0.jar:?]
	at org.openqa.selenium.remote.http.JsonHttpResponseCodec.reconstructValue(JsonHttpResponseCodec.java:40) ~[selenium-remote-driver-3.12.0.jar:?]
	at org.openqa.selenium.remote.http.AbstractHttpResponseCodec.decode(AbstractHttpResponseCodec.java:80) ~[selenium-remote-driver-3.12.0.jar:?]
	at org.openqa.selenium.remote.http.AbstractHttpResponseCodec.decode(AbstractHttpResponseCodec.java:44) ~[selenium-remote-driver-3.12.0.jar:?]
	at org.openqa.selenium.remote.HttpCommandExecutor.execute(HttpCommandExecutor.java:158) ~[selenium-remote-driver-3.12.0.jar:?]
	at org.openqa.selenium.remote.service.DriverCommandExecutor.execute(DriverCommandExecutor.java:83) ~[selenium-remote-driver-3.12.0.jar:?]
	at org.openqa.selenium.remote.RemoteWebDriver.execute(RemoteWebDriver.java:543) ~[selenium-remote-driver-3.12.0.jar:?]
	at org.openqa.selenium.remote.RemoteWebDriver.execute(RemoteWebDriver.java:600) ~[selenium-remote-driver-3.12.0.jar:?]
	at org.openqa.selenium.remote.RemoteWebDriver.getScreenshotAs(RemoteWebDriver.java:289) ~[selenium-remote-driver-3.12.0.jar:?]
	at br.com.safra.automation.selenium.listeners.TestListener.writeScreenshotToFile(TestListener.java:168) ~[classes/:?]
	at br.com.safra.automation.selenium.listeners.TestListener.saveScreenshot(TestListener.java:185) [classes/:?]
	at br.com.safra.automation.selenium.listeners.TestListener.capturaTela(TestListener.java:205) [classes/:?]
	at br.com.safra.automation.selenium.listeners.TestListener.finalizaTesteFeito(TestListener.java:85) [classes/:?]
	at br.com.safra.automation.selenium.listeners.TestListener.onTestSuccess(TestListener.java:75) [classes/:?]
	at org.testng.internal.Invoker.runTestListeners(Invoker.java:1735) [testng-6.11.jar:?]
	at org.testng.internal.Invoker.runTestListeners(Invoker.java:1714) [testng-6.11.jar:?]
	at org.testng.internal.Invoker.invokeMethod(Invoker.java:714) [testng-6.11.jar:?]
	at org.testng.internal.Invoker.invokeTestMethod(Invoker.java:869) [testng-6.11.jar:?]
	at org.testng.internal.Invoker.invokeTestMethods(Invoker.java:1193) [testng-6.11.jar:?]
	at org.testng.internal.TestMethodWorker.invokeTestMethods(TestMethodWorker.java:126) [testng-6.11.jar:?]
	at org.testng.internal.TestMethodWorker.run(TestMethodWorker.java:109) [testng-6.11.jar:?]
	at org.testng.TestRunner.privateRun(TestRunner.java:744) [testng-6.11.jar:?]
	at org.testng.TestRunner.run(TestRunner.java:602) [testng-6.11.jar:?]
	at org.testng.SuiteRunner.runTest(SuiteRunner.java:380) [testng-6.11.jar:?]
	at org.testng.SuiteRunner.runSequentially(SuiteRunner.java:375) [testng-6.11.jar:?]
	at org.testng.SuiteRunner.privateRun(SuiteRunner.java:340) [testng-6.11.jar:?]
	at org.testng.SuiteRunner.run(SuiteRunner.java:289) [testng-6.11.jar:?]
	at org.testng.SuiteRunnerWorker.runSuite(SuiteRunnerWorker.java:52) [testng-6.11.jar:?]
	at org.testng.SuiteRunnerWorker.run(SuiteRunnerWorker.java:86) [testng-6.11.jar:?]
	at org.testng.TestNG.runSuitesSequentially(TestNG.java:1301) [testng-6.11.jar:?]
	at org.testng.TestNG.runSuitesLocally(TestNG.java:1226) [testng-6.11.jar:?]
	at org.testng.TestNG.runSuites(TestNG.java:1144) [testng-6.11.jar:?]
	at org.testng.TestNG.run(TestNG.java:1115) [testng-6.11.jar:?]
	at br.com.safra.automation.selenium.config.TestNgSuiteRunner.execute(TestNgSuiteRunner.java:55) [classes/:?]
	at br.com.safra.automation.selenium.config.LoopRunner.executarLocal(LoopRunner.java:63) [classes/:?]
	at br.com.safra.automation.selenium.config.LoopRunner.executar(LoopRunner.java:42) [classes/:?]
	at br.com.safra.automation.selenium.config.LoopRunner.executar(LoopRunner.java:24) [classes/:?]
	at br.com.safra.app.runners.Main.main(Main.java:9) [classes/:?]
27/08/2019 19:53:36  INFO [           main] b.c.s.a.s.c.TestNgSuiteRunner : ------------------------ Início da execução ------------------------
27/08/2019 19:53:36  INFO [           main] b.c.s.a.s.c.TestNgSuiteRunner : Gerando suíte para execução local...
27/08/2019 19:54:11  INFO [           main] b.c.s.a.s.c.TestNgSuiteRunner : ------------------------ Início da execução ------------------------
27/08/2019 19:54:11  INFO [           main] b.c.s.a.s.c.TestNgSuiteRunner : Gerando suíte para execução local...
27/08/2019 19:54:23  INFO [           main] b.c.s.a.s.l.TestListener : Teste Test_0001_AberturaECredenciamento teve sucesso ...
27/08/2019 19:54:26  INFO [           main] b.c.s.a.s.l.SuiteListener : Finalizando a suíte de teste...
27/08/2019 19:54:26  INFO [           main] b.c.s.a.s.c.LoopRunner : LOOP=false
27/08/2019 19:55:00  INFO [           main] b.c.s.a.s.c.TestNgSuiteRunner : ------------------------ Início da execução ------------------------
27/08/2019 19:55:00  INFO [           main] b.c.s.a.s.c.TestNgSuiteRunner : Gerando suíte para execução local...
27/08/2019 19:55:15  INFO [           main] b.c.s.a.s.l.TestListener : Teste Test_0001_AberturaECredenciamento teve sucesso ...
27/08/2019 19:55:17  INFO [           main] b.c.s.a.s.l.SuiteListener : Finalizando a suíte de teste...
27/08/2019 19:55:17  INFO [           main] b.c.s.a.s.c.LoopRunner : LOOP=false
27/08/2019 19:56:09  INFO [           main] b.c.s.a.s.c.TestNgSuiteRunner : ------------------------ Início da execução ------------------------
27/08/2019 19:56:09  INFO [           main] b.c.s.a.s.c.TestNgSuiteRunner : Gerando suíte para execução local...
27/08/2019 19:56:22  INFO [           main] b.c.s.a.s.l.TestListener : Teste Test_0001_AberturaECredenciamento teve sucesso ...
27/08/2019 19:56:25  INFO [           main] b.c.s.a.s.l.SuiteListener : Finalizando a suíte de teste...
27/08/2019 19:56:25  INFO [           main] b.c.s.a.s.c.LoopRunner : LOOP=true
27/08/2019 19:56:25  INFO [           main] b.c.s.a.s.c.TestNgSuiteRunner : ------------------------ Início da execução ------------------------
27/08/2019 19:56:25  INFO [           main] b.c.s.a.s.c.TestNgSuiteRunner : Gerando suíte para execução local...
27/08/2019 19:56:56  INFO [           main] b.c.s.a.s.l.TestListener : Teste Test_0001_AberturaECredenciamento teve sucesso ...
27/08/2019 19:56:58  INFO [           main] b.c.s.a.s.l.SuiteListener : Finalizando a suíte de teste...
27/08/2019 19:56:58  INFO [           main] b.c.s.a.s.c.LoopRunner : LOOP=true
27/08/2019 19:56:58  INFO [           main] b.c.s.a.s.c.TestNgSuiteRunner : ------------------------ Início da execução ------------------------
27/08/2019 19:56:58  INFO [           main] b.c.s.a.s.c.TestNgSuiteRunner : Gerando suíte para execução local...
27/08/2019 19:57:05  INFO [           main] b.c.s.a.s.l.TestListener : Teste Test_0001_AberturaECredenciamento teve sucesso ...
27/08/2019 19:57:08  INFO [           main] b.c.s.a.s.l.SuiteListener : Finalizando a suíte de teste...
27/08/2019 19:57:08  INFO [           main] b.c.s.a.s.c.LoopRunner : LOOP=false
27/08/2019 20:22:03  INFO [           main] b.c.s.a.s.c.TestNgSuiteRunner : ------------------------ Início da execução ------------------------
27/08/2019 20:22:03  INFO [           main] b.c.s.a.s.c.TestNgSuiteRunner : Gerando suíte para execução local...
27/08/2019 20:22:30  INFO [           main] b.c.s.a.s.c.TestNgSuiteRunner : ------------------------ Início da execução ------------------------
27/08/2019 20:22:30  INFO [           main] b.c.s.a.s.c.TestNgSuiteRunner : Gerando suíte para execução local...
