03/09/2019 15:55:27 ERROR [           main] b.c.s.a.s.c.t.GerenciadorDeClassesDeTeste : Não foi encontrada a classe de nome 'br.com.safra.app.teste.aberturaecredenciamento.TesteAberturaECredenciamento' ...
java.lang.ClassNotFoundException: br.com.safra.app.teste.aberturaecredenciamento.TesteAberturaECredenciamento
	at java.net.URLClassLoader.findClass(Unknown Source) ~[?:1.8.0_201]
	at java.lang.ClassLoader.loadClass(Unknown Source) ~[?:1.8.0_201]
	at sun.misc.Launcher$AppClassLoader.loadClass(Unknown Source) ~[?:1.8.0_201]
	at java.lang.ClassLoader.loadClass(Unknown Source) ~[?:1.8.0_201]
	at java.lang.Class.forName0(Native Method) ~[?:1.8.0_201]
	at java.lang.Class.forName(Unknown Source) ~[?:1.8.0_201]
	at br.com.safra.automation.selenium.config.testclasses.GerenciadorDeClassesDeTeste.encontrarClasseDeTeste(GerenciadorDeClassesDeTeste.java:42) ~[classes/:?]
	at br.com.safra.automation.selenium.config.testclasses.GerenciadorDeClassesDeTesteParaRodar.lambda$0(GerenciadorDeClassesDeTesteParaRodar.java:42) ~[classes/:?]
	at java.lang.Iterable.forEach(Unknown Source) [?:1.8.0_201]
	at br.com.safra.automation.selenium.config.testclasses.GerenciadorDeClassesDeTesteParaRodar.getInstance(GerenciadorDeClassesDeTesteParaRodar.java:40) [classes/:?]
	at br.com.safra.automation.selenium.config.testclasses.GerenciadorDeClassesDeTesteParaRodar.getInstance(GerenciadorDeClassesDeTesteParaRodar.java:26) [classes/:?]
	at br.com.safra.automation.selenium.config.LoopRunner.<clinit>(LoopRunner.java:20) [classes/:?]
	at br.com.safra.app.runners.Main.main(Main.java:9) [classes/:?]
03/09/2019 15:58:31  INFO [           main] b.c.s.a.s.c.TestNgSuiteRunner : ------------------------ Início da execução ------------------------
03/09/2019 15:58:31  INFO [           main] b.c.s.a.s.c.TestNgSuiteRunner : Gerando suíte para execução local...
03/09/2019 15:59:06  INFO [           main] b.c.s.a.s.c.TestNgSuiteRunner : ------------------------ Início da execução ------------------------
03/09/2019 15:59:06  INFO [           main] b.c.s.a.s.c.TestNgSuiteRunner : Gerando suíte para execução local...
03/09/2019 16:00:05  INFO [           main] b.c.s.a.s.c.TestNgSuiteRunner : ------------------------ Início da execução ------------------------
03/09/2019 16:00:05  INFO [           main] b.c.s.a.s.c.TestNgSuiteRunner : Gerando suíte para execução local...
03/09/2019 16:01:37  INFO [           main] b.c.s.a.s.c.TestNgSuiteRunner : ------------------------ Início da execução ------------------------
03/09/2019 16:01:37  INFO [           main] b.c.s.a.s.c.TestNgSuiteRunner : Gerando suíte para execução local...
03/09/2019 16:02:52  INFO [           main] b.c.s.a.s.c.TestNgSuiteRunner : ------------------------ Início da execução ------------------------
03/09/2019 16:02:52  INFO [           main] b.c.s.a.s.c.TestNgSuiteRunner : Gerando suíte para execução local...
03/09/2019 16:16:47  INFO [           main] b.c.s.a.s.c.TestNgSuiteRunner : ------------------------ Início da execução ------------------------
03/09/2019 16:16:47  INFO [           main] b.c.s.a.s.c.TestNgSuiteRunner : Gerando suíte para execução local...
03/09/2019 16:16:47 ERROR [           main] b.c.s.a.s.d.TestBase : java.lang.IllegalStateException: The path to the driver executable must be set by the webdriver.chrome.driver system property; for more information, see https://github.com/SeleniumHQ/selenium/wiki/ChromeDriver. The latest version can be downloaded from http://chromedriver.storage.googleapis.com/index.html
03/09/2019 16:16:47  INFO [           main] b.c.s.a.s.l.TestListener : Teste Test_0001_AberturaECredenciamento foi pulado ...
03/09/2019 16:16:47  INFO [           main] b.c.s.a.s.l.SuiteListener : Finalizando a suíte de teste...
03/09/2019 16:16:47  INFO [           main] b.c.s.a.s.c.LoopRunner : LOOP=false
03/09/2019 16:18:14  INFO [           main] b.c.s.a.s.c.TestNgSuiteRunner : ------------------------ Início da execução ------------------------
03/09/2019 16:18:14  INFO [           main] b.c.s.a.s.c.TestNgSuiteRunner : Gerando suíte para execução local...
03/09/2019 16:18:15 ERROR [           main] b.c.s.a.s.d.TestBase : java.lang.IllegalStateException: The path to the driver executable must be set by the webdriver.chrome.driver system property; for more information, see https://github.com/SeleniumHQ/selenium/wiki/ChromeDriver. The latest version can be downloaded from http://chromedriver.storage.googleapis.com/index.html
03/09/2019 16:18:36  INFO [           main] b.c.s.a.s.l.TestListener : Teste Test_0001_AberturaECredenciamento foi pulado ...
03/09/2019 16:18:36  INFO [           main] b.c.s.a.s.l.SuiteListener : Finalizando a suíte de teste...
03/09/2019 16:18:36  INFO [           main] b.c.s.a.s.c.LoopRunner : LOOP=false
03/09/2019 16:18:47  INFO [           main] b.c.s.a.s.c.TestNgSuiteRunner : ------------------------ Início da execução ------------------------
03/09/2019 16:18:47  INFO [           main] b.c.s.a.s.c.TestNgSuiteRunner : Gerando suíte para execução local...
03/09/2019 16:18:48 ERROR [           main] b.c.s.a.s.d.TestBase : java.lang.IllegalStateException: The path to the driver executable must be set by the webdriver.chrome.driver system property; for more information, see https://github.com/SeleniumHQ/selenium/wiki/ChromeDriver. The latest version can be downloaded from http://chromedriver.storage.googleapis.com/index.html
03/09/2019 16:18:48  INFO [           main] b.c.s.a.s.l.TestListener : Teste Test_0001_AberturaECredenciamento foi pulado ...
03/09/2019 16:18:48  INFO [           main] b.c.s.a.s.l.SuiteListener : Finalizando a suíte de teste...
03/09/2019 16:18:48  INFO [           main] b.c.s.a.s.c.LoopRunner : LOOP=false
03/09/2019 16:19:06  INFO [           main] b.c.s.a.s.c.TestNgSuiteRunner : ------------------------ Início da execução ------------------------
03/09/2019 16:19:06  INFO [           main] b.c.s.a.s.c.TestNgSuiteRunner : Gerando suíte para execução local...
03/09/2019 16:19:07 ERROR [           main] b.c.s.a.s.d.TestBase : java.lang.IllegalStateException: The path to the driver executable must be set by the webdriver.chrome.driver system property; for more information, see https://github.com/SeleniumHQ/selenium/wiki/ChromeDriver. The latest version can be downloaded from http://chromedriver.storage.googleapis.com/index.html
03/09/2019 16:19:28  INFO [           main] b.c.s.a.s.c.TestNgSuiteRunner : ------------------------ Início da execução ------------------------
03/09/2019 16:19:28  INFO [           main] b.c.s.a.s.c.TestNgSuiteRunner : Gerando suíte para execução local...
03/09/2019 16:19:55  INFO [           main] b.c.s.a.s.c.TestNgSuiteRunner : ------------------------ Início da execução ------------------------
03/09/2019 16:19:55  INFO [           main] b.c.s.a.s.c.TestNgSuiteRunner : Gerando suíte para execução local...
03/09/2019 16:23:17 ERROR [           main] b.c.s.a.s.d.TestBase : java.lang.IllegalStateException: The path to the driver executable must be set by the webdriver.chrome.driver system property; for more information, see https://github.com/SeleniumHQ/selenium/wiki/ChromeDriver. The latest version can be downloaded from http://chromedriver.storage.googleapis.com/index.html
03/09/2019 16:23:17  INFO [           main] b.c.s.a.s.l.TestListener : Teste Test_0001_AberturaECredenciamento foi pulado ...
03/09/2019 16:23:17  INFO [           main] b.c.s.a.s.l.SuiteListener : Finalizando a suíte de teste...
03/09/2019 16:23:17  INFO [           main] b.c.s.a.s.c.LoopRunner : LOOP=false
03/09/2019 16:24:00  INFO [           main] b.c.s.a.s.c.TestNgSuiteRunner : ------------------------ Início da execução ------------------------
03/09/2019 16:24:00  INFO [           main] b.c.s.a.s.c.TestNgSuiteRunner : Gerando suíte para execução local...
03/09/2019 16:24:00 ERROR [           main] b.c.s.a.s.d.TestBase : java.lang.IllegalStateException: The path to the driver executable must be set by the webdriver.chrome.driver system property; for more information, see https://github.com/SeleniumHQ/selenium/wiki/ChromeDriver. The latest version can be downloaded from http://chromedriver.storage.googleapis.com/index.html
03/09/2019 16:24:00  INFO [           main] b.c.s.a.s.l.TestListener : Teste Test_0001_AberturaECredenciamento foi pulado ...
03/09/2019 16:24:00  INFO [           main] b.c.s.a.s.l.SuiteListener : Finalizando a suíte de teste...
03/09/2019 16:24:00  INFO [           main] b.c.s.a.s.c.LoopRunner : LOOP=false
03/09/2019 16:53:52  INFO [           main] b.c.s.a.s.c.TestNgSuiteRunner : ------------------------ Início da execução ------------------------
03/09/2019 16:53:52  INFO [           main] b.c.s.a.s.c.TestNgSuiteRunner : Gerando suíte para execução local...
03/09/2019 16:53:59  INFO [           main] b.c.s.a.s.l.TestListener : Teste Test_0001_AberturaECredenciamento teve sucesso ...
03/09/2019 16:54:02  INFO [           main] b.c.s.a.s.l.SuiteListener : Finalizando a suíte de teste...
03/09/2019 16:54:02  INFO [           main] b.c.s.a.s.c.LoopRunner : LOOP=false
03/09/2019 16:55:16  INFO [           main] b.c.s.a.s.c.TestNgSuiteRunner : ------------------------ Início da execução ------------------------
03/09/2019 16:55:16  INFO [           main] b.c.s.a.s.c.TestNgSuiteRunner : Gerando suíte para execução local...
03/09/2019 16:55:24  INFO [           main] b.c.s.a.s.l.TestListener : Teste Test_0001_AberturaECredenciamento teve sucesso ...
03/09/2019 17:00:26  INFO [           main] b.c.s.a.s.c.TestNgSuiteRunner : ------------------------ Início da execução ------------------------
03/09/2019 17:00:26  INFO [           main] b.c.s.a.s.c.TestNgSuiteRunner : Gerando suíte para execução local...
03/09/2019 17:00:37  INFO [           main] b.c.s.a.s.l.TestListener : Teste Test_0001_AberturaECredenciamento teve sucesso ...
03/09/2019 17:00:37  INFO [           main] b.c.s.a.s.l.SuiteListener : Finalizando a suíte de teste...
03/09/2019 17:00:37  INFO [           main] b.c.s.a.s.c.LoopRunner : LOOP=false
03/09/2019 17:01:44  INFO [           main] b.c.s.a.s.c.TestNgSuiteRunner : ------------------------ Início da execução ------------------------
03/09/2019 17:01:44  INFO [           main] b.c.s.a.s.c.TestNgSuiteRunner : Gerando suíte para execução local...
03/09/2019 17:01:53  INFO [           main] b.c.s.a.s.l.TestListener : Teste Test_0001_AberturaECredenciamento teve sucesso ...
03/09/2019 17:01:53  INFO [           main] b.c.s.a.s.l.SuiteListener : Finalizando a suíte de teste...
03/09/2019 17:01:53  INFO [           main] b.c.s.a.s.c.LoopRunner : LOOP=false
