13/09/2019 09:27:10  INFO [           main] b.c.s.a.s.c.TestNgSuiteRunner : ------------------------ Início da execução ------------------------
13/09/2019 09:27:11  INFO [           main] b.c.s.a.s.c.TestNgSuiteRunner : Gerando suíte para execução local...
13/09/2019 10:03:25  INFO [           main] b.c.s.a.s.c.TestNgSuiteRunner : ------------------------ Início da execução ------------------------
13/09/2019 10:03:25  INFO [           main] b.c.s.a.s.c.TestNgSuiteRunner : Gerando suíte para execução local...
13/09/2019 10:03:40  INFO [           main] b.c.s.a.s.l.TestListener : Teste Test_0001_AberturaECredenciamento teve sucesso ...
13/09/2019 10:03:40  INFO [           main] b.c.s.a.s.l.SuiteListener : Finalizando a suíte de teste...
13/09/2019 10:03:40  INFO [           main] b.c.s.a.s.c.LoopRunner : LOOP=false
13/09/2019 10:06:06  INFO [           main] b.c.s.a.s.c.TestNgSuiteRunner : ------------------------ Início da execução ------------------------
13/09/2019 10:06:06  INFO [           main] b.c.s.a.s.c.TestNgSuiteRunner : Gerando suíte para execução local...
13/09/2019 10:06:36  INFO [           main] b.c.s.a.s.l.TestListener : Teste Test_0001_AberturaECredenciamento teve sucesso ...
13/09/2019 10:06:36  INFO [           main] b.c.s.a.s.l.SuiteListener : Finalizando a suíte de teste...
13/09/2019 10:06:36  INFO [           main] b.c.s.a.s.c.LoopRunner : LOOP=false
13/09/2019 10:10:39  INFO [           main] b.c.s.a.s.c.TestNgSuiteRunner : ------------------------ Início da execução ------------------------
13/09/2019 10:10:39  INFO [           main] b.c.s.a.s.c.TestNgSuiteRunner : Gerando suíte para execução local...
13/09/2019 10:11:37  INFO [           main] b.c.s.a.s.l.TestListener : Teste Test_0001_AberturaECredenciamento teve sucesso ...
13/09/2019 10:11:37  INFO [           main] b.c.s.a.s.l.SuiteListener : Finalizando a suíte de teste...
13/09/2019 10:11:37  INFO [           main] b.c.s.a.s.c.LoopRunner : LOOP=false
13/09/2019 10:14:55  INFO [           main] b.c.s.a.s.c.TestNgSuiteRunner : ------------------------ Início da execução ------------------------
13/09/2019 10:14:55  INFO [           main] b.c.s.a.s.c.TestNgSuiteRunner : Gerando suíte para execução local...
13/09/2019 10:16:49  INFO [           main] b.c.s.a.s.l.TestListener : Teste Test_0001_AberturaECredenciamento teve sucesso ...
13/09/2019 10:16:49  INFO [           main] b.c.s.a.s.l.SuiteListener : Finalizando a suíte de teste...
13/09/2019 10:16:49  INFO [           main] b.c.s.a.s.c.LoopRunner : LOOP=false
13/09/2019 10:18:41  INFO [           main] b.c.s.a.s.c.TestNgSuiteRunner : ------------------------ Início da execução ------------------------
13/09/2019 10:18:41  INFO [           main] b.c.s.a.s.c.TestNgSuiteRunner : Gerando suíte para execução local...
13/09/2019 10:19:39  INFO [           main] b.c.s.a.s.l.TestListener : Teste Test_0001_AberturaECredenciamento teve sucesso ...
13/09/2019 10:19:39  INFO [           main] b.c.s.a.s.l.SuiteListener : Finalizando a suíte de teste...
13/09/2019 10:19:39  INFO [           main] b.c.s.a.s.c.LoopRunner : LOOP=false
13/09/2019 10:38:46  INFO [           main] b.c.s.a.s.c.TestNgSuiteRunner : ------------------------ Início da execução ------------------------
13/09/2019 10:38:46  INFO [           main] b.c.s.a.s.c.TestNgSuiteRunner : Gerando suíte para execução local...
13/09/2019 10:39:51  INFO [           main] b.c.s.a.s.l.TestListener : Teste Test_0001_AberturaECredenciamento teve sucesso ...
13/09/2019 10:39:51  INFO [           main] b.c.s.a.s.l.SuiteListener : Finalizando a suíte de teste...
13/09/2019 10:39:51  INFO [           main] b.c.s.a.s.c.LoopRunner : LOOP=false
13/09/2019 10:54:27  INFO [           main] b.c.s.a.s.c.TestNgSuiteRunner : ------------------------ Início da execução ------------------------
13/09/2019 10:54:27  INFO [           main] b.c.s.a.s.c.TestNgSuiteRunner : Gerando suíte para execução local...
13/09/2019 10:55:56  INFO [           main] b.c.s.a.s.l.TestListener : Teste Test_0001_AberturaECredenciamento teve sucesso ...
13/09/2019 10:55:56  INFO [           main] b.c.s.a.s.l.SuiteListener : Finalizando a suíte de teste...
13/09/2019 10:55:56  INFO [           main] b.c.s.a.s.c.LoopRunner : LOOP=false
13/09/2019 11:00:02  INFO [           main] b.c.s.a.s.c.TestNgSuiteRunner : ------------------------ Início da execução ------------------------
13/09/2019 11:00:02  INFO [           main] b.c.s.a.s.c.TestNgSuiteRunner : Gerando suíte para execução local...
13/09/2019 11:02:29  INFO [           main] b.c.s.a.s.c.TestNgSuiteRunner : ------------------------ Início da execução ------------------------
13/09/2019 11:02:29  INFO [           main] b.c.s.a.s.c.TestNgSuiteRunner : Gerando suíte para execução local...
13/09/2019 11:06:21  INFO [           main] b.c.s.a.s.c.TestNgSuiteRunner : ------------------------ Início da execução ------------------------
13/09/2019 11:06:21  INFO [           main] b.c.s.a.s.c.TestNgSuiteRunner : Gerando suíte para execução local...
13/09/2019 11:21:11  INFO [           main] b.c.s.a.s.c.TestNgSuiteRunner : ------------------------ Início da execução ------------------------
13/09/2019 11:21:11  INFO [           main] b.c.s.a.s.c.TestNgSuiteRunner : Gerando suíte para execução local...
13/09/2019 11:22:08  INFO [           main] b.c.s.a.s.c.TestNgSuiteRunner : ------------------------ Início da execução ------------------------
13/09/2019 11:22:08  INFO [           main] b.c.s.a.s.c.TestNgSuiteRunner : Gerando suíte para execução local...
13/09/2019 11:24:35  INFO [           main] b.c.s.a.s.c.TestNgSuiteRunner : ------------------------ Início da execução ------------------------
13/09/2019 11:24:35  INFO [           main] b.c.s.a.s.c.TestNgSuiteRunner : Gerando suíte para execução local...
13/09/2019 11:34:13  INFO [           main] b.c.s.a.s.c.TestNgSuiteRunner : ------------------------ Início da execução ------------------------
13/09/2019 11:34:13  INFO [           main] b.c.s.a.s.c.TestNgSuiteRunner : Gerando suíte para execução local...
13/09/2019 11:39:36  INFO [           main] b.c.s.a.s.c.TestNgSuiteRunner : ------------------------ Início da execução ------------------------
13/09/2019 11:39:36  INFO [           main] b.c.s.a.s.c.TestNgSuiteRunner : Gerando suíte para execução local...
13/09/2019 11:51:49  INFO [           main] b.c.s.a.s.c.TestNgSuiteRunner : ------------------------ Início da execução ------------------------
13/09/2019 11:51:49  INFO [           main] b.c.s.a.s.c.TestNgSuiteRunner : Gerando suíte para execução local...
13/09/2019 12:01:19  INFO [           main] b.c.s.a.s.c.TestNgSuiteRunner : ------------------------ Início da execução ------------------------
13/09/2019 12:01:19  INFO [           main] b.c.s.a.s.c.TestNgSuiteRunner : Gerando suíte para execução local...
13/09/2019 12:03:20  INFO [           main] b.c.s.a.s.c.TestNgSuiteRunner : ------------------------ Início da execução ------------------------
13/09/2019 12:03:20  INFO [           main] b.c.s.a.s.c.TestNgSuiteRunner : Gerando suíte para execução local...
13/09/2019 12:05:53  INFO [           main] b.c.s.a.s.c.TestNgSuiteRunner : ------------------------ Início da execução ------------------------
13/09/2019 12:05:53  INFO [           main] b.c.s.a.s.c.TestNgSuiteRunner : Gerando suíte para execução local...
13/09/2019 12:06:15  INFO [           main] b.c.s.a.s.l.TestListener : Teste Test_0001_AberturaECredenciamento falhou ...
13/09/2019 12:06:16  INFO [           main] b.c.s.a.s.l.SuiteListener : Finalizando a suíte de teste...
13/09/2019 12:06:16  INFO [           main] b.c.s.a.s.c.LoopRunner : LOOP=false
13/09/2019 12:06:33  INFO [           main] b.c.s.a.s.c.TestNgSuiteRunner : ------------------------ Início da execução ------------------------
13/09/2019 12:06:33  INFO [           main] b.c.s.a.s.c.TestNgSuiteRunner : Gerando suíte para execução local...
13/09/2019 12:08:00  INFO [           main] b.c.s.a.s.c.TestNgSuiteRunner : ------------------------ Início da execução ------------------------
13/09/2019 12:08:00  INFO [           main] b.c.s.a.s.c.TestNgSuiteRunner : Gerando suíte para execução local...
13/09/2019 12:10:57  INFO [           main] b.c.s.a.s.c.TestNgSuiteRunner : ------------------------ Início da execução ------------------------
13/09/2019 12:10:57  INFO [           main] b.c.s.a.s.c.TestNgSuiteRunner : Gerando suíte para execução local...
13/09/2019 12:14:05  INFO [           main] b.c.s.a.s.c.TestNgSuiteRunner : ------------------------ Início da execução ------------------------
13/09/2019 12:14:05  INFO [           main] b.c.s.a.s.c.TestNgSuiteRunner : Gerando suíte para execução local...
13/09/2019 12:26:10  INFO [           main] b.c.s.a.s.c.TestNgSuiteRunner : ------------------------ Início da execução ------------------------
13/09/2019 12:26:10  INFO [           main] b.c.s.a.s.c.TestNgSuiteRunner : Gerando suíte para execução local...
13/09/2019 14:19:25  INFO [           main] b.c.s.a.s.c.TestNgSuiteRunner : ------------------------ Início da execução ------------------------
13/09/2019 14:19:25  INFO [           main] b.c.s.a.s.c.TestNgSuiteRunner : Gerando suíte para execução local...
13/09/2019 14:22:09  INFO [           main] b.c.s.a.s.l.TestListener : Teste Test_0001_AberturaECredenciamento falhou ...
13/09/2019 14:22:09  INFO [           main] b.c.s.a.s.l.SuiteListener : Finalizando a suíte de teste...
13/09/2019 14:22:09  INFO [           main] b.c.s.a.s.c.LoopRunner : LOOP=false
13/09/2019 14:41:33  INFO [           main] b.c.s.a.s.c.TestNgSuiteRunner : ------------------------ Início da execução ------------------------
13/09/2019 14:41:33  INFO [           main] b.c.s.a.s.c.TestNgSuiteRunner : Gerando suíte para execução local...
13/09/2019 14:44:16  INFO [           main] b.c.s.a.s.l.TestListener : Teste Test_0001_AberturaECredenciamento falhou ...
13/09/2019 14:44:16  INFO [           main] b.c.s.a.s.l.SuiteListener : Finalizando a suíte de teste...
13/09/2019 14:44:16  INFO [           main] b.c.s.a.s.c.LoopRunner : LOOP=false
13/09/2019 14:46:25  INFO [           main] b.c.s.a.s.c.TestNgSuiteRunner : ------------------------ Início da execução ------------------------
13/09/2019 14:46:25  INFO [           main] b.c.s.a.s.c.TestNgSuiteRunner : Gerando suíte para execução local...
13/09/2019 14:53:44  INFO [           main] b.c.s.a.s.c.TestNgSuiteRunner : ------------------------ Início da execução ------------------------
13/09/2019 14:53:44  INFO [           main] b.c.s.a.s.c.TestNgSuiteRunner : Gerando suíte para execução local...
13/09/2019 14:55:18  INFO [           main] b.c.s.a.s.c.TestNgSuiteRunner : ------------------------ Início da execução ------------------------
13/09/2019 14:55:18  INFO [           main] b.c.s.a.s.c.TestNgSuiteRunner : Gerando suíte para execução local...
13/09/2019 14:57:38  INFO [           main] b.c.s.a.s.l.TestListener : Teste Test_0001_AberturaECredenciamento falhou ...
13/09/2019 14:57:38  INFO [           main] b.c.s.a.s.l.SuiteListener : Finalizando a suíte de teste...
13/09/2019 14:57:38  INFO [           main] b.c.s.a.s.c.LoopRunner : LOOP=false
13/09/2019 14:58:12  INFO [           main] b.c.s.a.s.c.TestNgSuiteRunner : ------------------------ Início da execução ------------------------
13/09/2019 14:58:12  INFO [           main] b.c.s.a.s.c.TestNgSuiteRunner : Gerando suíte para execução local...
13/09/2019 15:03:54  INFO [           main] b.c.s.a.s.c.TestNgSuiteRunner : ------------------------ Início da execução ------------------------
13/09/2019 15:03:54  INFO [           main] b.c.s.a.s.c.TestNgSuiteRunner : Gerando suíte para execução local...
13/09/2019 15:03:54 ERROR [           main] b.c.s.a.s.c.TestNgSuiteRunner : Falha ao iniciar suite de teste sobre a plataforma 'CHROME' ...
java.lang.NullPointerException: null
	at com.google.common.base.Preconditions.checkNotNull(Preconditions.java:882) ~[guava-23.6-jre.jar:?]
	at org.openqa.selenium.support.ui.FluentWait.<init>(FluentWait.java:104) ~[selenium-support-3.12.0.jar:?]
	at org.openqa.selenium.support.ui.WebDriverWait.<init>(WebDriverWait.java:71) ~[selenium-support-3.12.0.jar:?]
	at org.openqa.selenium.support.ui.WebDriverWait.<init>(WebDriverWait.java:45) ~[selenium-support-3.12.0.jar:?]
	at br.com.safra.automation.selenium.web.utils.UtilidadesDeDriver.<init>(UtilidadesDeDriver.java:23) ~[classes/:?]
	at br.com.safra.automation.selenium.web.utils.ScreenshotUtil.<init>(ScreenshotUtil.java:14) ~[classes/:?]
	at br.com.safra.automation.selenium.listeners.TestListener.<init>(TestListener.java:33) ~[classes/:?]
	at sun.reflect.NativeConstructorAccessorImpl.newInstance0(Native Method) ~[?:1.8.0_191]
	at sun.reflect.NativeConstructorAccessorImpl.newInstance(Unknown Source) ~[?:1.8.0_191]
	at sun.reflect.DelegatingConstructorAccessorImpl.newInstance(Unknown Source) ~[?:1.8.0_191]
	at java.lang.reflect.Constructor.newInstance(Unknown Source) ~[?:1.8.0_191]
	at java.lang.Class.newInstance(Unknown Source) ~[?:1.8.0_191]
	at org.testng.internal.ClassHelper.newInstance(ClassHelper.java:65) ~[testng-6.11.jar:?]
	at org.testng.TestNG.addListeners(TestNG.java:1012) ~[testng-6.11.jar:?]
	at org.testng.TestNG.initializeConfiguration(TestNG.java:976) ~[testng-6.11.jar:?]
	at org.testng.TestNG.run(TestNG.java:1102) ~[testng-6.11.jar:?]
	at br.com.safra.automation.selenium.config.TestNgSuiteRunner.execute(TestNgSuiteRunner.java:55) [classes/:?]
	at br.com.safra.automation.selenium.config.LoopRunner.executarLocal(LoopRunner.java:66) [classes/:?]
	at br.com.safra.automation.selenium.config.LoopRunner.executar(LoopRunner.java:44) [classes/:?]
	at br.com.safra.automation.selenium.config.LoopRunner.executar(LoopRunner.java:26) [classes/:?]
	at br.com.safra.app.runners.Main.main(Main.java:9) [classes/:?]
13/09/2019 15:04:15  INFO [           main] b.c.s.a.s.c.TestNgSuiteRunner : ------------------------ Início da execução ------------------------
13/09/2019 15:04:15  INFO [           main] b.c.s.a.s.c.TestNgSuiteRunner : Gerando suíte para execução local...
13/09/2019 15:04:15 ERROR [           main] b.c.s.a.s.c.TestNgSuiteRunner : Falha ao iniciar suite de teste sobre a plataforma 'CHROME' ...
java.lang.NullPointerException: null
	at com.google.common.base.Preconditions.checkNotNull(Preconditions.java:882) ~[guava-23.6-jre.jar:?]
	at org.openqa.selenium.support.ui.FluentWait.<init>(FluentWait.java:104) ~[selenium-support-3.12.0.jar:?]
	at org.openqa.selenium.support.ui.WebDriverWait.<init>(WebDriverWait.java:71) ~[selenium-support-3.12.0.jar:?]
	at org.openqa.selenium.support.ui.WebDriverWait.<init>(WebDriverWait.java:45) ~[selenium-support-3.12.0.jar:?]
	at br.com.safra.automation.selenium.web.utils.UtilidadesDeDriver.<init>(UtilidadesDeDriver.java:23) ~[classes/:?]
	at br.com.safra.automation.selenium.web.utils.ScreenshotUtil.<init>(ScreenshotUtil.java:14) ~[classes/:?]
	at br.com.safra.automation.selenium.listeners.TestListener.<init>(TestListener.java:33) ~[classes/:?]
	at sun.reflect.NativeConstructorAccessorImpl.newInstance0(Native Method) ~[?:1.8.0_191]
	at sun.reflect.NativeConstructorAccessorImpl.newInstance(Unknown Source) ~[?:1.8.0_191]
	at sun.reflect.DelegatingConstructorAccessorImpl.newInstance(Unknown Source) ~[?:1.8.0_191]
	at java.lang.reflect.Constructor.newInstance(Unknown Source) ~[?:1.8.0_191]
	at java.lang.Class.newInstance(Unknown Source) ~[?:1.8.0_191]
	at org.testng.internal.ClassHelper.newInstance(ClassHelper.java:65) ~[testng-6.11.jar:?]
	at org.testng.TestNG.addListeners(TestNG.java:1012) ~[testng-6.11.jar:?]
	at org.testng.TestNG.initializeConfiguration(TestNG.java:976) ~[testng-6.11.jar:?]
	at org.testng.TestNG.run(TestNG.java:1102) ~[testng-6.11.jar:?]
	at br.com.safra.automation.selenium.config.TestNgSuiteRunner.execute(TestNgSuiteRunner.java:55) [classes/:?]
	at br.com.safra.automation.selenium.config.LoopRunner.executarLocal(LoopRunner.java:66) [classes/:?]
	at br.com.safra.automation.selenium.config.LoopRunner.executar(LoopRunner.java:44) [classes/:?]
	at br.com.safra.automation.selenium.config.LoopRunner.executar(LoopRunner.java:26) [classes/:?]
	at br.com.safra.app.runners.Main.main(Main.java:9) [classes/:?]
13/09/2019 15:05:21  INFO [           main] b.c.s.a.s.c.TestNgSuiteRunner : ------------------------ Início da execução ------------------------
13/09/2019 15:05:21  INFO [           main] b.c.s.a.s.c.TestNgSuiteRunner : Gerando suíte para execução local...
13/09/2019 15:05:21 ERROR [           main] b.c.s.a.s.c.TestNgSuiteRunner : Falha ao iniciar suite de teste sobre a plataforma 'CHROME' ...
org.testng.TestNGException: 
Cannot instantiate class br.com.safra.automation.selenium.listeners.TestListener
	at org.testng.internal.ClassHelper.newInstance(ClassHelper.java:67) ~[testng-6.11.jar:?]
	at org.testng.TestNG.addListeners(TestNG.java:1012) ~[testng-6.11.jar:?]
	at org.testng.TestNG.initializeConfiguration(TestNG.java:976) ~[testng-6.11.jar:?]
	at org.testng.TestNG.run(TestNG.java:1102) ~[testng-6.11.jar:?]
	at br.com.safra.automation.selenium.config.TestNgSuiteRunner.execute(TestNgSuiteRunner.java:55) [classes/:?]
	at br.com.safra.automation.selenium.config.LoopRunner.executarLocal(LoopRunner.java:66) [classes/:?]
	at br.com.safra.automation.selenium.config.LoopRunner.executar(LoopRunner.java:44) [classes/:?]
	at br.com.safra.automation.selenium.config.LoopRunner.executar(LoopRunner.java:26) [classes/:?]
	at br.com.safra.app.runners.Main.main(Main.java:9) [classes/:?]
Caused by: java.lang.ExceptionInInitializerError
	at sun.reflect.NativeConstructorAccessorImpl.newInstance0(Native Method) ~[?:1.8.0_191]
	at sun.reflect.NativeConstructorAccessorImpl.newInstance(Unknown Source) ~[?:1.8.0_191]
	at sun.reflect.DelegatingConstructorAccessorImpl.newInstance(Unknown Source) ~[?:1.8.0_191]
	at java.lang.reflect.Constructor.newInstance(Unknown Source) ~[?:1.8.0_191]
	at java.lang.Class.newInstance(Unknown Source) ~[?:1.8.0_191]
	at org.testng.internal.ClassHelper.newInstance(ClassHelper.java:65) ~[testng-6.11.jar:?]
	... 8 more
Caused by: java.lang.NullPointerException
	at com.google.common.base.Preconditions.checkNotNull(Preconditions.java:882) ~[guava-23.6-jre.jar:?]
	at org.openqa.selenium.support.ui.FluentWait.<init>(FluentWait.java:104) ~[selenium-support-3.12.0.jar:?]
	at org.openqa.selenium.support.ui.WebDriverWait.<init>(WebDriverWait.java:71) ~[selenium-support-3.12.0.jar:?]
	at org.openqa.selenium.support.ui.WebDriverWait.<init>(WebDriverWait.java:45) ~[selenium-support-3.12.0.jar:?]
	at br.com.safra.automation.selenium.web.utils.UtilidadesDeDriver.<init>(UtilidadesDeDriver.java:23) ~[classes/:?]
	at br.com.safra.automation.selenium.web.utils.ScreenshotUtil.<init>(ScreenshotUtil.java:14) ~[classes/:?]
	at br.com.safra.automation.selenium.listeners.TestListener.<clinit>(TestListener.java:33) ~[classes/:?]
	at sun.reflect.NativeConstructorAccessorImpl.newInstance0(Native Method) ~[?:1.8.0_191]
	at sun.reflect.NativeConstructorAccessorImpl.newInstance(Unknown Source) ~[?:1.8.0_191]
	at sun.reflect.DelegatingConstructorAccessorImpl.newInstance(Unknown Source) ~[?:1.8.0_191]
	at java.lang.reflect.Constructor.newInstance(Unknown Source) ~[?:1.8.0_191]
	at java.lang.Class.newInstance(Unknown Source) ~[?:1.8.0_191]
	at org.testng.internal.ClassHelper.newInstance(ClassHelper.java:65) ~[testng-6.11.jar:?]
	... 8 more
13/09/2019 15:05:37  INFO [           main] b.c.s.a.s.c.TestNgSuiteRunner : ------------------------ Início da execução ------------------------
13/09/2019 15:05:37  INFO [           main] b.c.s.a.s.c.TestNgSuiteRunner : Gerando suíte para execução local...
13/09/2019 15:09:57  INFO [           main] b.c.s.a.s.c.TestNgSuiteRunner : ------------------------ Início da execução ------------------------
13/09/2019 15:09:57  INFO [           main] b.c.s.a.s.c.TestNgSuiteRunner : Gerando suíte para execução local...
13/09/2019 15:09:57 ERROR [           main] b.c.s.a.s.c.TestNgSuiteRunner : Falha ao iniciar suite de teste sobre a plataforma 'CHROME' ...
org.testng.TestNGException: 
Cannot instantiate class br.com.safra.automation.selenium.listeners.TestListener
	at org.testng.internal.ClassHelper.newInstance(ClassHelper.java:67) ~[testng-6.11.jar:?]
	at org.testng.TestNG.addListeners(TestNG.java:1012) ~[testng-6.11.jar:?]
	at org.testng.TestNG.initializeConfiguration(TestNG.java:976) ~[testng-6.11.jar:?]
	at org.testng.TestNG.run(TestNG.java:1102) ~[testng-6.11.jar:?]
	at br.com.safra.automation.selenium.config.TestNgSuiteRunner.execute(TestNgSuiteRunner.java:55) [classes/:?]
	at br.com.safra.automation.selenium.config.LoopRunner.executarLocal(LoopRunner.java:66) [classes/:?]
	at br.com.safra.automation.selenium.config.LoopRunner.executar(LoopRunner.java:44) [classes/:?]
	at br.com.safra.automation.selenium.config.LoopRunner.executar(LoopRunner.java:26) [classes/:?]
	at br.com.safra.app.runners.Main.main(Main.java:9) [classes/:?]
Caused by: java.lang.ExceptionInInitializerError
	at sun.reflect.NativeConstructorAccessorImpl.newInstance0(Native Method) ~[?:1.8.0_191]
	at sun.reflect.NativeConstructorAccessorImpl.newInstance(Unknown Source) ~[?:1.8.0_191]
	at sun.reflect.DelegatingConstructorAccessorImpl.newInstance(Unknown Source) ~[?:1.8.0_191]
	at java.lang.reflect.Constructor.newInstance(Unknown Source) ~[?:1.8.0_191]
	at java.lang.Class.newInstance(Unknown Source) ~[?:1.8.0_191]
	at org.testng.internal.ClassHelper.newInstance(ClassHelper.java:65) ~[testng-6.11.jar:?]
	... 8 more
Caused by: java.lang.NullPointerException
	at com.google.common.base.Preconditions.checkNotNull(Preconditions.java:882) ~[guava-23.6-jre.jar:?]
	at org.openqa.selenium.support.ui.FluentWait.<init>(FluentWait.java:104) ~[selenium-support-3.12.0.jar:?]
	at org.openqa.selenium.support.ui.WebDriverWait.<init>(WebDriverWait.java:71) ~[selenium-support-3.12.0.jar:?]
	at org.openqa.selenium.support.ui.WebDriverWait.<init>(WebDriverWait.java:45) ~[selenium-support-3.12.0.jar:?]
	at br.com.safra.automation.selenium.web.utils.UtilidadesDeDriver.<init>(UtilidadesDeDriver.java:23) ~[classes/:?]
	at br.com.safra.automation.selenium.web.utils.ScreenshotUtil.<init>(ScreenshotUtil.java:14) ~[classes/:?]
	at br.com.safra.automation.selenium.listeners.TestListener.<clinit>(TestListener.java:33) ~[classes/:?]
	at sun.reflect.NativeConstructorAccessorImpl.newInstance0(Native Method) ~[?:1.8.0_191]
	at sun.reflect.NativeConstructorAccessorImpl.newInstance(Unknown Source) ~[?:1.8.0_191]
	at sun.reflect.DelegatingConstructorAccessorImpl.newInstance(Unknown Source) ~[?:1.8.0_191]
	at java.lang.reflect.Constructor.newInstance(Unknown Source) ~[?:1.8.0_191]
	at java.lang.Class.newInstance(Unknown Source) ~[?:1.8.0_191]
	at org.testng.internal.ClassHelper.newInstance(ClassHelper.java:65) ~[testng-6.11.jar:?]
	... 8 more
13/09/2019 15:10:21  INFO [           main] b.c.s.a.s.c.TestNgSuiteRunner : ------------------------ Início da execução ------------------------
13/09/2019 15:10:21  INFO [           main] b.c.s.a.s.c.TestNgSuiteRunner : Gerando suíte para execução local...
13/09/2019 15:13:51  INFO [           main] b.c.s.a.s.c.TestNgSuiteRunner : ------------------------ Início da execução ------------------------
13/09/2019 15:13:51  INFO [           main] b.c.s.a.s.c.TestNgSuiteRunner : Gerando suíte para execução local...
13/09/2019 15:18:23  INFO [           main] b.c.s.a.s.c.TestNgSuiteRunner : ------------------------ Início da execução ------------------------
13/09/2019 15:18:23  INFO [           main] b.c.s.a.s.c.TestNgSuiteRunner : Gerando suíte para execução local...
13/09/2019 15:21:13  INFO [           main] b.c.s.a.s.c.TestNgSuiteRunner : ------------------------ Início da execução ------------------------
13/09/2019 15:21:13  INFO [           main] b.c.s.a.s.c.TestNgSuiteRunner : Gerando suíte para execução local...
13/09/2019 15:24:08  INFO [           main] b.c.s.a.s.l.TestListener : Test_0062 falhou ...
13/09/2019 15:24:08  INFO [           main] b.c.s.a.s.l.SuiteListener : Finalizando a suíte de teste...
13/09/2019 15:24:08  INFO [           main] b.c.s.a.s.c.LoopRunner : LOOP=false
13/09/2019 15:26:26  INFO [           main] b.c.s.a.s.c.TestNgSuiteRunner : ------------------------ Início da execução ------------------------
13/09/2019 15:26:26  INFO [           main] b.c.s.a.s.c.TestNgSuiteRunner : Gerando suíte para execução local...
13/09/2019 15:26:39  INFO [           main] b.c.s.a.s.l.TestListener : Test_0062 falhou ...
13/09/2019 15:26:39  INFO [           main] b.c.s.a.s.l.SuiteListener : Finalizando a suíte de teste...
13/09/2019 15:26:39  INFO [           main] b.c.s.a.s.c.LoopRunner : LOOP=false
13/09/2019 15:27:06  INFO [           main] b.c.s.a.s.c.TestNgSuiteRunner : ------------------------ Início da execução ------------------------
13/09/2019 15:27:06  INFO [           main] b.c.s.a.s.c.TestNgSuiteRunner : Gerando suíte para execução local...
13/09/2019 15:30:47  INFO [           main] b.c.s.a.s.c.TestNgSuiteRunner : ------------------------ Início da execução ------------------------
13/09/2019 15:30:47  INFO [           main] b.c.s.a.s.c.TestNgSuiteRunner : Gerando suíte para execução local...
13/09/2019 15:32:55  INFO [           main] b.c.s.a.s.c.TestNgSuiteRunner : ------------------------ Início da execução ------------------------
13/09/2019 15:32:55  INFO [           main] b.c.s.a.s.c.TestNgSuiteRunner : Gerando suíte para execução local...
13/09/2019 15:34:09  INFO [           main] b.c.s.a.s.l.TestListener : Test_0062 falhou ...
13/09/2019 15:34:16  INFO [           main] b.c.s.a.s.l.SuiteListener : Finalizando a suíte de teste...
13/09/2019 15:34:42  INFO [           main] b.c.s.a.s.c.LoopRunner : LOOP=false
13/09/2019 15:35:27  INFO [           main] b.c.s.a.s.c.TestNgSuiteRunner : ------------------------ Início da execução ------------------------
13/09/2019 15:35:27  INFO [           main] b.c.s.a.s.c.TestNgSuiteRunner : Gerando suíte para execução local...
13/09/2019 15:36:45  INFO [           main] b.c.s.a.s.l.TestListener : Test_0062 falhou ...
13/09/2019 15:37:13  INFO [           main] b.c.s.a.s.c.TestNgSuiteRunner : ------------------------ Início da execução ------------------------
13/09/2019 15:37:13  INFO [           main] b.c.s.a.s.c.TestNgSuiteRunner : Gerando suíte para execução local...
13/09/2019 15:37:28  INFO [           main] b.c.s.a.s.l.TestListener : Test_0062 falhou ...
13/09/2019 15:38:31  INFO [           main] b.c.s.a.s.c.TestNgSuiteRunner : ------------------------ Início da execução ------------------------
13/09/2019 15:38:31  INFO [           main] b.c.s.a.s.c.TestNgSuiteRunner : Gerando suíte para execução local...
13/09/2019 15:39:17  INFO [           main] b.c.s.a.s.c.TestNgSuiteRunner : ------------------------ Início da execução ------------------------
13/09/2019 15:39:17  INFO [           main] b.c.s.a.s.c.TestNgSuiteRunner : Gerando suíte para execução local...
13/09/2019 15:40:11  INFO [           main] b.c.s.a.s.l.TestListener : Test_0062 falhou ...
13/09/2019 15:40:22  INFO [           main] b.c.s.a.s.l.SuiteListener : Finalizando a suíte de teste...
13/09/2019 15:40:22  INFO [           main] b.c.s.a.s.c.LoopRunner : LOOP=false
13/09/2019 15:41:17  INFO [           main] b.c.s.a.s.c.TestNgSuiteRunner : ------------------------ Início da execução ------------------------
13/09/2019 15:41:17  INFO [           main] b.c.s.a.s.c.TestNgSuiteRunner : Gerando suíte para execução local...
13/09/2019 15:42:38  INFO [           main] b.c.s.a.s.c.TestNgSuiteRunner : ------------------------ Início da execução ------------------------
13/09/2019 15:42:38  INFO [           main] b.c.s.a.s.c.TestNgSuiteRunner : Gerando suíte para execução local...
13/09/2019 15:43:00  INFO [           main] b.c.s.a.s.l.TestListener : Test_0062 falhou ...
13/09/2019 15:43:35  INFO [           main] b.c.s.a.s.c.TestNgSuiteRunner : ------------------------ Início da execução ------------------------
13/09/2019 15:43:35  INFO [           main] b.c.s.a.s.c.TestNgSuiteRunner : Gerando suíte para execução local...
13/09/2019 15:44:37  INFO [           main] b.c.s.a.s.l.TestListener : Test_0062 falhou ...
13/09/2019 15:50:28  INFO [           main] b.c.s.a.s.c.TestNgSuiteRunner : ------------------------ Início da execução ------------------------
13/09/2019 15:50:28  INFO [           main] b.c.s.a.s.c.TestNgSuiteRunner : Gerando suíte para execução local...
13/09/2019 15:54:00  INFO [           main] b.c.s.a.s.c.TestNgSuiteRunner : ------------------------ Início da execução ------------------------
13/09/2019 15:54:00  INFO [           main] b.c.s.a.s.c.TestNgSuiteRunner : Gerando suíte para execução local...
13/09/2019 15:55:52  INFO [           main] b.c.s.a.s.c.TestNgSuiteRunner : ------------------------ Início da execução ------------------------
13/09/2019 15:55:52  INFO [           main] b.c.s.a.s.c.TestNgSuiteRunner : Gerando suíte para execução local...
13/09/2019 15:56:06  INFO [           main] b.c.s.a.s.l.TestListener : Test_0062 falhou ...
13/09/2019 15:56:07  INFO [           main] b.c.s.a.s.l.SuiteListener : Finalizando a suíte de teste...
13/09/2019 15:56:07  INFO [           main] b.c.s.a.s.c.LoopRunner : LOOP=false
13/09/2019 15:56:48  INFO [           main] b.c.s.a.s.c.TestNgSuiteRunner : ------------------------ Início da execução ------------------------
13/09/2019 15:56:48  INFO [           main] b.c.s.a.s.c.TestNgSuiteRunner : Gerando suíte para execução local...
13/09/2019 15:59:42  INFO [           main] b.c.s.a.s.l.TestListener : Test_0062 falhou ...
13/09/2019 15:59:43  INFO [           main] b.c.s.a.s.l.SuiteListener : Finalizando a suíte de teste...
13/09/2019 15:59:43  INFO [           main] b.c.s.a.s.c.LoopRunner : LOOP=false
13/09/2019 16:03:04  INFO [           main] b.c.s.a.s.c.TestNgSuiteRunner : ------------------------ Início da execução ------------------------
13/09/2019 16:03:04  INFO [           main] b.c.s.a.s.c.TestNgSuiteRunner : Gerando suíte para execução local...
13/09/2019 16:05:55  INFO [           main] b.c.s.a.s.l.TestListener : Test_0062 falhou ...
13/09/2019 16:05:55  INFO [           main] b.c.s.a.s.l.SuiteListener : Finalizando a suíte de teste...
13/09/2019 16:05:55  INFO [           main] b.c.s.a.s.c.LoopRunner : LOOP=false
13/09/2019 16:17:11  INFO [           main] b.c.s.a.s.c.TestNgSuiteRunner : ------------------------ Início da execução ------------------------
13/09/2019 16:17:11  INFO [           main] b.c.s.a.s.c.TestNgSuiteRunner : Gerando suíte para execução local...
13/09/2019 16:20:09  INFO [           main] b.c.s.a.s.l.TestListener : Test_0062 falhou ...
13/09/2019 16:20:10  INFO [           main] b.c.s.a.s.l.SuiteListener : Finalizando a suíte de teste...
13/09/2019 16:20:10  INFO [           main] b.c.s.a.s.c.LoopRunner : LOOP=false
13/09/2019 16:22:41  INFO [           main] b.c.s.a.s.c.TestNgSuiteRunner : ------------------------ Início da execução ------------------------
13/09/2019 16:22:41  INFO [           main] b.c.s.a.s.c.TestNgSuiteRunner : Gerando suíte para execução local...
13/09/2019 16:25:46  INFO [           main] b.c.s.a.s.l.TestListener : Test_0062 falhou ...
13/09/2019 16:25:46  INFO [           main] b.c.s.a.s.l.SuiteListener : Finalizando a suíte de teste...
13/09/2019 16:25:46  INFO [           main] b.c.s.a.s.c.LoopRunner : LOOP=false
13/09/2019 16:33:44  INFO [           main] b.c.s.a.s.c.TestNgSuiteRunner : ------------------------ Início da execução ------------------------
13/09/2019 16:33:44  INFO [           main] b.c.s.a.s.c.TestNgSuiteRunner : Gerando suíte para execução local...
13/09/2019 16:36:14  INFO [           main] b.c.s.a.s.c.TestNgSuiteRunner : ------------------------ Início da execução ------------------------
13/09/2019 16:36:14  INFO [           main] b.c.s.a.s.c.TestNgSuiteRunner : Gerando suíte para execução local...
13/09/2019 16:36:54  INFO [           main] b.c.s.a.s.l.TestListener : Test_0062 falhou ...
13/09/2019 16:36:54 ERROR [           main] b.c.s.a.s.l.TestListener : Não foi possível fazer captura de tela...
org.openqa.selenium.NoSuchWindowException: no such window: target window already closed
from unknown error: web view not found
  (Session info: chrome=77.0.3865.75)
Build info: version: '3.12.0', revision: '7c6e0b3', time: '2018-05-08T14:04:26.12Z'
System info: host: 'MT607869', ip: '10.96.32.126', os.name: 'Windows 10', os.arch: 'amd64', os.version: '10.0', java.version: '1.8.0_191'
Driver info: org.openqa.selenium.chrome.ChromeDriver
Capabilities {acceptInsecureCerts: false, browserName: chrome, browserVersion: 77.0.3865.75, chrome: {chromedriverVersion: 76.0.3809.126 (d80a294506b4..., userDataDir: C:\Temp\scoped_dir16844_449...}, goog:chromeOptions: {debuggerAddress: localhost:62838}, javascriptEnabled: true, networkConnectionEnabled: false, pageLoadStrategy: normal, platform: XP, platformName: XP, proxy: Proxy(), setWindowRect: true, strictFileInteractability: false, timeouts: {implicit: 0, pageLoad: 300000, script: 30000}, unhandledPromptBehavior: dismiss and notify}
Session ID: da9f606b30493a9e2861c94e2ec21d7c
	at sun.reflect.NativeConstructorAccessorImpl.newInstance0(Native Method) ~[?:1.8.0_191]
	at sun.reflect.NativeConstructorAccessorImpl.newInstance(Unknown Source) ~[?:1.8.0_191]
	at sun.reflect.DelegatingConstructorAccessorImpl.newInstance(Unknown Source) ~[?:1.8.0_191]
	at java.lang.reflect.Constructor.newInstance(Unknown Source) ~[?:1.8.0_191]
	at org.openqa.selenium.remote.http.W3CHttpResponseCodec.createException(W3CHttpResponseCodec.java:187) ~[selenium-remote-driver-3.12.0.jar:?]
	at org.openqa.selenium.remote.http.W3CHttpResponseCodec.decode(W3CHttpResponseCodec.java:122) ~[selenium-remote-driver-3.12.0.jar:?]
	at org.openqa.selenium.remote.http.W3CHttpResponseCodec.decode(W3CHttpResponseCodec.java:49) ~[selenium-remote-driver-3.12.0.jar:?]
	at org.openqa.selenium.remote.HttpCommandExecutor.execute(HttpCommandExecutor.java:158) ~[selenium-remote-driver-3.12.0.jar:?]
	at org.openqa.selenium.remote.service.DriverCommandExecutor.execute(DriverCommandExecutor.java:83) ~[selenium-remote-driver-3.12.0.jar:?]
	at org.openqa.selenium.remote.RemoteWebDriver.execute(RemoteWebDriver.java:543) ~[selenium-remote-driver-3.12.0.jar:?]
	at org.openqa.selenium.remote.RemoteWebDriver.execute(RemoteWebDriver.java:600) ~[selenium-remote-driver-3.12.0.jar:?]
	at org.openqa.selenium.remote.RemoteWebDriver.getScreenshotAs(RemoteWebDriver.java:289) ~[selenium-remote-driver-3.12.0.jar:?]
	at br.com.safra.automation.selenium.listeners.TestListener.writeScreenshotToFile(TestListener.java:120) ~[classes/:?]
	at br.com.safra.automation.selenium.listeners.TestListener.saveScreenshot(TestListener.java:137) [classes/:?]
	at br.com.safra.automation.selenium.listeners.TestListener.capturaTela(TestListener.java:157) [classes/:?]
	at br.com.safra.automation.selenium.listeners.TestListener.finalizaTesteFeito(TestListener.java:89) [classes/:?]
	at br.com.safra.automation.selenium.listeners.TestListener.onTestFailure(TestListener.java:59) [classes/:?]
	at org.testng.internal.Invoker.runTestListeners(Invoker.java:1731) [testng-6.11.jar:?]
	at org.testng.internal.Invoker.runTestListeners(Invoker.java:1714) [testng-6.11.jar:?]
	at org.testng.internal.Invoker.invokeMethod(Invoker.java:714) [testng-6.11.jar:?]
	at org.testng.internal.Invoker.invokeTestMethod(Invoker.java:869) [testng-6.11.jar:?]
	at org.testng.internal.Invoker.invokeTestMethods(Invoker.java:1193) [testng-6.11.jar:?]
	at org.testng.internal.TestMethodWorker.invokeTestMethods(TestMethodWorker.java:126) [testng-6.11.jar:?]
	at org.testng.internal.TestMethodWorker.run(TestMethodWorker.java:109) [testng-6.11.jar:?]
	at org.testng.TestRunner.privateRun(TestRunner.java:744) [testng-6.11.jar:?]
	at org.testng.TestRunner.run(TestRunner.java:602) [testng-6.11.jar:?]
	at org.testng.SuiteRunner.runTest(SuiteRunner.java:380) [testng-6.11.jar:?]
	at org.testng.SuiteRunner.runSequentially(SuiteRunner.java:375) [testng-6.11.jar:?]
	at org.testng.SuiteRunner.privateRun(SuiteRunner.java:340) [testng-6.11.jar:?]
	at org.testng.SuiteRunner.run(SuiteRunner.java:289) [testng-6.11.jar:?]
	at org.testng.SuiteRunnerWorker.runSuite(SuiteRunnerWorker.java:52) [testng-6.11.jar:?]
	at org.testng.SuiteRunnerWorker.run(SuiteRunnerWorker.java:86) [testng-6.11.jar:?]
	at org.testng.TestNG.runSuitesSequentially(TestNG.java:1301) [testng-6.11.jar:?]
	at org.testng.TestNG.runSuitesLocally(TestNG.java:1226) [testng-6.11.jar:?]
	at org.testng.TestNG.runSuites(TestNG.java:1144) [testng-6.11.jar:?]
	at org.testng.TestNG.run(TestNG.java:1115) [testng-6.11.jar:?]
	at br.com.safra.automation.selenium.config.TestNgSuiteRunner.execute(TestNgSuiteRunner.java:55) [classes/:?]
	at br.com.safra.automation.selenium.config.LoopRunner.executarLocal(LoopRunner.java:66) [classes/:?]
	at br.com.safra.automation.selenium.config.LoopRunner.executar(LoopRunner.java:44) [classes/:?]
	at br.com.safra.automation.selenium.config.LoopRunner.executar(LoopRunner.java:26) [classes/:?]
	at br.com.safra.app.runners.Main.main(Main.java:9) [classes/:?]
13/09/2019 16:39:57  INFO [           main] b.c.s.a.s.c.TestNgSuiteRunner : ------------------------ Início da execução ------------------------
13/09/2019 16:39:57  INFO [           main] b.c.s.a.s.c.TestNgSuiteRunner : Gerando suíte para execução local...
13/09/2019 16:41:59  INFO [           main] b.c.s.a.s.c.TestNgSuiteRunner : ------------------------ Início da execução ------------------------
13/09/2019 16:41:59  INFO [           main] b.c.s.a.s.c.TestNgSuiteRunner : Gerando suíte para execução local...
13/09/2019 16:51:41 ERROR [           main] b.c.s.a.s.LeitorDeArquivoJson : Falha ao carregar o arquivo JSON: C:\Dev\Workspace\AUTOMACAO_Web\.\config\classes_para_rodar.json
com.google.gson.JsonSyntaxException: com.google.gson.stream.MalformedJsonException: Unterminated array at line 5 column 4 path $.Para rodar[1]
	at com.google.gson.internal.Streams.parse(Streams.java:60) ~[gson-2.8.4.jar:?]
	at com.google.gson.JsonParser.parse(JsonParser.java:84) ~[gson-2.8.4.jar:?]
	at com.google.gson.JsonParser.parse(JsonParser.java:59) ~[gson-2.8.4.jar:?]
	at br.com.safra.automation.storage.LeitorDeArquivoJson.carregar(LeitorDeArquivoJson.java:23) [classes/:?]
	at br.com.safra.automation.selenium.config.testclasses.GerenciadorDeClassesDeTesteParaRodar.getInstance(GerenciadorDeClassesDeTesteParaRodar.java:37) [classes/:?]
	at br.com.safra.automation.selenium.config.testclasses.GerenciadorDeClassesDeTesteParaRodar.getInstance(GerenciadorDeClassesDeTesteParaRodar.java:26) [classes/:?]
	at br.com.safra.automation.selenium.config.LoopRunner.<clinit>(LoopRunner.java:21) [classes/:?]
	at br.com.safra.app.runners.Main.main(Main.java:11) [classes/:?]
Caused by: com.google.gson.stream.MalformedJsonException: Unterminated array at line 5 column 4 path $.Para rodar[1]
	at com.google.gson.stream.JsonReader.syntaxError(JsonReader.java:1568) ~[gson-2.8.4.jar:?]
	at com.google.gson.stream.JsonReader.doPeek(JsonReader.java:476) ~[gson-2.8.4.jar:?]
	at com.google.gson.stream.JsonReader.hasNext(JsonReader.java:414) ~[gson-2.8.4.jar:?]
	at com.google.gson.internal.bind.TypeAdapters$29.read(TypeAdapters.java:714) ~[gson-2.8.4.jar:?]
	at com.google.gson.internal.bind.TypeAdapters$29.read(TypeAdapters.java:723) ~[gson-2.8.4.jar:?]
	at com.google.gson.internal.bind.TypeAdapters$29.read(TypeAdapters.java:698) ~[gson-2.8.4.jar:?]
	at com.google.gson.internal.Streams.parse(Streams.java:48) ~[gson-2.8.4.jar:?]
	... 7 more
13/09/2019 16:52:16  INFO [           main] b.c.s.a.s.c.TestNgSuiteRunner : ------------------------ Início da execução ------------------------
13/09/2019 16:52:16  INFO [           main] b.c.s.a.s.c.TestNgSuiteRunner : Gerando suíte para execução local...
13/09/2019 16:52:29  INFO [           main] b.c.s.a.s.l.TestListener : Test_0062 falhou ...
13/09/2019 16:52:43  INFO [           main] b.c.s.a.s.l.TestListener : Test_0062 falhou ...
13/09/2019 16:52:43  INFO [           main] b.c.s.a.s.l.SuiteListener : Finalizando a suíte de teste...
13/09/2019 16:52:43  INFO [           main] b.c.s.a.s.c.LoopRunner : LOOP=false
13/09/2019 16:55:24  INFO [           main] b.c.s.a.s.c.TestNgSuiteRunner : ------------------------ Início da execução ------------------------
13/09/2019 16:55:24  INFO [           main] b.c.s.a.s.c.TestNgSuiteRunner : Gerando suíte para execução local...
13/09/2019 16:56:59  INFO [           main] b.c.s.a.s.c.TestNgSuiteRunner : ------------------------ Início da execução ------------------------
13/09/2019 16:56:59  INFO [           main] b.c.s.a.s.c.TestNgSuiteRunner : Gerando suíte para execução local...
13/09/2019 16:57:12  INFO [           main] b.c.s.a.s.l.TestListener : Test_0062 falhou ...
13/09/2019 16:57:24  INFO [           main] b.c.s.a.s.l.TestListener : Test_0062 falhou ...
13/09/2019 16:57:24  INFO [           main] b.c.s.a.s.l.SuiteListener : Finalizando a suíte de teste...
13/09/2019 16:57:25  INFO [           main] b.c.s.a.s.c.LoopRunner : LOOP=false
13/09/2019 16:57:47  INFO [           main] b.c.s.a.s.c.TestNgSuiteRunner : ------------------------ Início da execução ------------------------
13/09/2019 16:57:47  INFO [           main] b.c.s.a.s.c.TestNgSuiteRunner : Gerando suíte para execução local...
13/09/2019 16:58:00  INFO [           main] b.c.s.a.s.l.TestListener : Test_0062 falhou ...
13/09/2019 16:58:12  INFO [           main] b.c.s.a.s.l.TestListener : Test_0062 falhou ...
13/09/2019 16:58:12  INFO [           main] b.c.s.a.s.l.SuiteListener : Finalizando a suíte de teste...
13/09/2019 16:58:12  INFO [           main] b.c.s.a.s.c.LoopRunner : LOOP=true
13/09/2019 16:58:12  INFO [           main] b.c.s.a.s.c.TestNgSuiteRunner : ------------------------ Início da execução ------------------------
13/09/2019 16:58:12  INFO [           main] b.c.s.a.s.c.TestNgSuiteRunner : Gerando suíte para execução local...
13/09/2019 16:58:29  INFO [           main] b.c.s.a.s.l.TestListener : Test_0062 falhou ...
13/09/2019 16:58:41  INFO [           main] b.c.s.a.s.l.TestListener : Test_0062 falhou ...
13/09/2019 16:58:42  INFO [           main] b.c.s.a.s.l.SuiteListener : Finalizando a suíte de teste...
13/09/2019 16:58:42  INFO [           main] b.c.s.a.s.c.LoopRunner : LOOP=true
13/09/2019 16:58:42  INFO [           main] b.c.s.a.s.c.TestNgSuiteRunner : ------------------------ Início da execução ------------------------
13/09/2019 16:58:42  INFO [           main] b.c.s.a.s.c.TestNgSuiteRunner : Gerando suíte para execução local...
13/09/2019 17:27:52  INFO [           main] b.c.s.a.s.c.TestNgSuiteRunner : ------------------------ Início da execução ------------------------
13/09/2019 17:27:52  INFO [           main] b.c.s.a.s.c.TestNgSuiteRunner : Gerando suíte para execução local...
13/09/2019 17:28:29  INFO [           main] b.c.s.a.s.c.TestNgSuiteRunner : ------------------------ Início da execução ------------------------
13/09/2019 17:28:29  INFO [           main] b.c.s.a.s.c.TestNgSuiteRunner : Gerando suíte para execução local...
13/09/2019 17:29:00  INFO [           main] b.c.s.a.s.l.TestListener : Test_0062 teve sucesso ...
13/09/2019 17:29:00  INFO [           main] b.c.s.a.s.l.SuiteListener : Finalizando a suíte de teste...
13/09/2019 17:29:00  INFO [           main] b.c.s.a.s.c.LoopRunner : LOOP=true
13/09/2019 17:29:00  INFO [           main] b.c.s.a.s.c.TestNgSuiteRunner : ------------------------ Início da execução ------------------------
13/09/2019 17:29:00  INFO [           main] b.c.s.a.s.c.TestNgSuiteRunner : Gerando suíte para execução local...
13/09/2019 17:29:27  INFO [           main] b.c.s.a.s.c.TestNgSuiteRunner : ------------------------ Início da execução ------------------------
13/09/2019 17:29:27  INFO [           main] b.c.s.a.s.c.TestNgSuiteRunner : Gerando suíte para execução local...
13/09/2019 17:30:21  INFO [           main] b.c.s.a.s.l.TestListener : Test_0062 teve sucesso ...
13/09/2019 17:30:21  INFO [           main] b.c.s.a.s.l.SuiteListener : Finalizando a suíte de teste...
13/09/2019 17:30:21  INFO [           main] b.c.s.a.s.c.LoopRunner : LOOP=false
13/09/2019 17:30:44  INFO [           main] b.c.s.a.s.c.TestNgSuiteRunner : ------------------------ Início da execução ------------------------
13/09/2019 17:30:44  INFO [           main] b.c.s.a.s.c.TestNgSuiteRunner : Gerando suíte para execução local...
13/09/2019 17:31:25  INFO [           main] b.c.s.a.s.l.TestListener : Test_0062 teve sucesso ...
13/09/2019 17:32:29  INFO [           main] b.c.s.a.s.c.TestNgSuiteRunner : ------------------------ Início da execução ------------------------
13/09/2019 17:32:29  INFO [           main] b.c.s.a.s.c.TestNgSuiteRunner : Gerando suíte para execução local...
13/09/2019 17:33:00  INFO [           main] b.c.s.a.s.l.TestListener : Test_0062 teve sucesso ...
13/09/2019 17:34:06  INFO [           main] b.c.s.a.s.c.TestNgSuiteRunner : ------------------------ Início da execução ------------------------
13/09/2019 17:34:06  INFO [           main] b.c.s.a.s.c.TestNgSuiteRunner : Gerando suíte para execução local...
13/09/2019 17:34:37  INFO [           main] b.c.s.a.s.l.TestListener : Test_0062 teve sucesso ...
13/09/2019 17:36:12  INFO [           main] b.c.s.a.s.c.TestNgSuiteRunner : ------------------------ Início da execução ------------------------
13/09/2019 17:36:12  INFO [           main] b.c.s.a.s.c.TestNgSuiteRunner : Gerando suíte para execução local...
13/09/2019 17:36:43  INFO [           main] b.c.s.a.s.l.TestListener : Test_0062 teve sucesso ...
13/09/2019 17:38:02  INFO [           main] b.c.s.a.s.c.TestNgSuiteRunner : ------------------------ Início da execução ------------------------
13/09/2019 17:38:02  INFO [           main] b.c.s.a.s.c.TestNgSuiteRunner : Gerando suíte para execução local...
13/09/2019 17:38:12  INFO [           main] b.c.s.a.s.l.TestListener : Test_0062 teve sucesso ...
13/09/2019 17:39:57  INFO [           main] b.c.s.a.s.c.TestNgSuiteRunner : ------------------------ Início da execução ------------------------
13/09/2019 17:39:57  INFO [           main] b.c.s.a.s.c.TestNgSuiteRunner : Gerando suíte para execução local...
13/09/2019 17:40:08  INFO [           main] b.c.s.a.s.l.TestListener : Test_0062 teve sucesso ...
13/09/2019 17:43:38  INFO [           main] b.c.s.a.s.c.TestNgSuiteRunner : ------------------------ Início da execução ------------------------
13/09/2019 17:43:38  INFO [           main] b.c.s.a.s.c.TestNgSuiteRunner : Gerando suíte para execução local...
13/09/2019 17:43:48  INFO [           main] b.c.s.a.s.l.TestListener : Test_0062 teve sucesso ...
13/09/2019 17:44:11  INFO [           main] b.c.s.a.s.l.SuiteListener : Finalizando a suíte de teste...
13/09/2019 17:44:11  INFO [           main] b.c.s.a.s.c.LoopRunner : LOOP=false
13/09/2019 17:45:51  INFO [           main] b.c.s.a.s.c.TestNgSuiteRunner : ------------------------ Início da execução ------------------------
13/09/2019 17:45:51  INFO [           main] b.c.s.a.s.c.TestNgSuiteRunner : Gerando suíte para execução local...
13/09/2019 17:46:23  INFO [           main] b.c.s.a.s.l.TestListener : Test_0062 teve sucesso ...
13/09/2019 17:46:23  INFO [           main] b.c.s.a.s.l.SuiteListener : Finalizando a suíte de teste...
13/09/2019 17:46:23  INFO [           main] b.c.s.a.s.c.LoopRunner : LOOP=false
13/09/2019 17:48:40  INFO [           main] b.c.s.a.s.c.TestNgSuiteRunner : ------------------------ Início da execução ------------------------
13/09/2019 17:48:40  INFO [           main] b.c.s.a.s.c.TestNgSuiteRunner : Gerando suíte para execução local...
13/09/2019 17:49:08  INFO [           main] b.c.s.a.s.c.TestNgSuiteRunner : ------------------------ Início da execução ------------------------
13/09/2019 17:49:08  INFO [           main] b.c.s.a.s.c.TestNgSuiteRunner : Gerando suíte para execução local...
13/09/2019 17:52:01  INFO [           main] b.c.s.a.s.l.TestListener : Test_0062 falhou ...
13/09/2019 17:52:02  INFO [           main] b.c.s.a.s.l.SuiteListener : Finalizando a suíte de teste...
13/09/2019 17:52:02  INFO [           main] b.c.s.a.s.c.LoopRunner : LOOP=false
13/09/2019 18:27:28  INFO [           main] b.c.s.a.s.c.TestNgSuiteRunner : ------------------------ Início da execução ------------------------
13/09/2019 18:27:28  INFO [           main] b.c.s.a.s.c.TestNgSuiteRunner : Gerando suíte para execução local...
13/09/2019 18:30:25  INFO [           main] b.c.s.a.s.l.TestListener : Test_0062 falhou ...
13/09/2019 18:30:25  INFO [           main] b.c.s.a.s.l.SuiteListener : Finalizando a suíte de teste...
13/09/2019 18:30:25  INFO [           main] b.c.s.a.s.c.LoopRunner : LOOP=false
13/09/2019 18:31:18  INFO [           main] b.c.s.a.s.c.TestNgSuiteRunner : ------------------------ Início da execução ------------------------
13/09/2019 18:31:18  INFO [           main] b.c.s.a.s.c.TestNgSuiteRunner : Gerando suíte para execução local...
13/09/2019 18:33:09  INFO [           main] b.c.s.a.s.l.TestListener : Test_0062 teve sucesso ...
13/09/2019 18:33:09  INFO [           main] b.c.s.a.s.l.SuiteListener : Finalizando a suíte de teste...
13/09/2019 18:33:09  INFO [           main] b.c.s.a.s.c.LoopRunner : LOOP=false
13/09/2019 19:58:18  INFO [           main] b.c.s.a.s.c.TestNgSuiteRunner : ------------------------ Início da execução ------------------------
13/09/2019 19:58:18  INFO [           main] b.c.s.a.s.c.TestNgSuiteRunner : Gerando suíte para execução local...
13/09/2019 20:12:15  INFO [           main] b.c.s.a.s.c.TestNgSuiteRunner : ------------------------ Início da execução ------------------------
13/09/2019 20:12:15  INFO [           main] b.c.s.a.s.c.TestNgSuiteRunner : Gerando suíte para execução local...
13/09/2019 20:12:53  INFO [           main] b.c.s.a.s.c.TestNgSuiteRunner : ------------------------ Início da execução ------------------------
13/09/2019 20:12:53  INFO [           main] b.c.s.a.s.c.TestNgSuiteRunner : Gerando suíte para execução local...
13/09/2019 20:13:13  INFO [           main] b.c.s.a.s.c.TestNgSuiteRunner : ------------------------ Início da execução ------------------------
13/09/2019 20:13:13  INFO [           main] b.c.s.a.s.c.TestNgSuiteRunner : Gerando suíte para execução local...
13/09/2019 20:18:56  INFO [           main] b.c.s.a.s.c.TestNgSuiteRunner : ------------------------ Início da execução ------------------------
13/09/2019 20:18:56  INFO [           main] b.c.s.a.s.c.TestNgSuiteRunner : Gerando suíte para execução local...
13/09/2019 20:19:24  INFO [           main] b.c.s.a.s.c.TestNgSuiteRunner : ------------------------ Início da execução ------------------------
13/09/2019 20:19:24  INFO [           main] b.c.s.a.s.c.TestNgSuiteRunner : Gerando suíte para execução local...
13/09/2019 20:21:46  INFO [           main] b.c.s.a.s.c.TestNgSuiteRunner : ------------------------ Início da execução ------------------------
13/09/2019 20:21:46  INFO [           main] b.c.s.a.s.c.TestNgSuiteRunner : Gerando suíte para execução local...
13/09/2019 20:24:35  INFO [           main] b.c.s.a.s.l.TestListener : Test_0062 falhou ...
13/09/2019 20:24:36  INFO [           main] b.c.s.a.s.l.SuiteListener : Finalizando a suíte de teste...
13/09/2019 20:24:36  INFO [           main] b.c.s.a.s.c.LoopRunner : LOOP=false
13/09/2019 20:40:51  INFO [           main] b.c.s.a.s.c.TestNgSuiteRunner : ------------------------ Início da execução ------------------------
13/09/2019 20:40:51  INFO [           main] b.c.s.a.s.c.TestNgSuiteRunner : Gerando suíte para execução local...
13/09/2019 20:41:03  INFO [           main] b.c.s.a.s.c.TestNgSuiteRunner : ------------------------ Início da execução ------------------------
13/09/2019 20:41:03  INFO [           main] b.c.s.a.s.c.TestNgSuiteRunner : Gerando suíte para execução local...
13/09/2019 20:41:40  INFO [           main] b.c.s.a.s.c.TestNgSuiteRunner : ------------------------ Início da execução ------------------------
13/09/2019 20:41:40  INFO [           main] b.c.s.a.s.c.TestNgSuiteRunner : Gerando suíte para execução local...
13/09/2019 20:42:02  INFO [           main] b.c.s.a.s.c.TestNgSuiteRunner : ------------------------ Início da execução ------------------------
13/09/2019 20:42:02  INFO [           main] b.c.s.a.s.c.TestNgSuiteRunner : Gerando suíte para execução local...
13/09/2019 20:44:11  INFO [           main] b.c.s.a.s.c.TestNgSuiteRunner : ------------------------ Início da execução ------------------------
13/09/2019 20:44:11  INFO [           main] b.c.s.a.s.c.TestNgSuiteRunner : Gerando suíte para execução local...
13/09/2019 20:44:27  INFO [           main] b.c.s.a.s.c.TestNgSuiteRunner : ------------------------ Início da execução ------------------------
13/09/2019 20:44:27  INFO [           main] b.c.s.a.s.c.TestNgSuiteRunner : Gerando suíte para execução local...
13/09/2019 20:45:13  INFO [           main] b.c.s.a.s.c.TestNgSuiteRunner : ------------------------ Início da execução ------------------------
13/09/2019 20:45:13  INFO [           main] b.c.s.a.s.c.TestNgSuiteRunner : Gerando suíte para execução local...
13/09/2019 20:52:03  INFO [           main] b.c.s.a.s.c.TestNgSuiteRunner : ------------------------ Início da execução ------------------------
13/09/2019 20:52:03  INFO [           main] b.c.s.a.s.c.TestNgSuiteRunner : Gerando suíte para execução local...
13/09/2019 20:53:28  INFO [           main] b.c.s.a.s.c.TestNgSuiteRunner : ------------------------ Início da execução ------------------------
13/09/2019 20:53:28  INFO [           main] b.c.s.a.s.c.TestNgSuiteRunner : Gerando suíte para execução local...
