[
  {
    "comments": [
      {
        "line": 1,
        "value": "#language: pt"
      },
      {
        "line": 2,
        "value": "#utf-8"
      }
    ],
    "line": 4,
    "elements": [
      {
        "line": 6,
        "name": "Exemplo 2",
        "description": "",
        "id": "exemplo-2;exemplo-2",
        "type": "scenario",
        "keyword": "Cenário",
        "steps": [
          {
            "result": {
              "duration": 3195183400,
              "status": "passed"
            },
            "comments": [
              {
                "line": 8,
                "value": "# Tela de login"
              }
            ],
            "line": 10,
            "name": "Acesso o site do CRL",
            "match": {
              "location": "BrowserBase.acessoOSiteDoCRL()"
            },
            "keyword": "Dado "
          },
          {
            "result": {
              "duration": 60038497200,
              "error_message": "org.openqa.selenium.TimeoutException: Expected condition failed: waiting for element to be clickable: By.xpath: //*[@id\u003d\"usuario\"] (tried for 60 second(s) with 300 milliseconds interval)\r\n\tat org.openqa.selenium.support.ui.WebDriverWait.timeoutException(WebDriverWait.java:81)\r\n\tat org.openqa.selenium.support.ui.FluentWait.until(FluentWait.java:271)\r\n\tat br.com.safra.automation.selenium.web.utils.EsperaUtil.esperaAteEstarClicavel(EsperaUtil.java:127)\r\n\tat br.com.safra.automation.selenium.web.utils.EscritaLeituraUtil.escreve(EscritaLeituraUtil.java:168)\r\n\tat br.com.safra.automation.selenium.web.utils.EscritaLeituraUtil.escreve(EscritaLeituraUtil.java:157)\r\n\tat br.com.safra.app.teste_geral.Login.preenchoOUsuario(Login.java:22)\r\n\tat ✽.E Preencho o \u0027usuario\u0027(src/main/java/br/com/safra/app/teste/Exemplo2/Exemplo2.feature:11)\r\nCaused by: org.openqa.selenium.NoSuchElementException: Cannot locate an element using By.xpath: //*[@id\u003d\"usuario\"]\nFor documentation on this error, please visit: http://seleniumhq.org/exceptions/no_such_element.html\nBuild info: version: \u00273.12.0\u0027, revision: \u00277c6e0b3\u0027, time: \u00272018-05-08T14:04:26.12Z\u0027\nSystem info: host: \u0027RSI4564\u0027, ip: \u0027192.168.120.192\u0027, os.name: \u0027Windows 10\u0027, os.arch: \u0027amd64\u0027, os.version: \u002710.0\u0027, java.version: \u00271.8.0_201\u0027\nDriver info: driver.version: unknown\r\n\tat org.openqa.selenium.support.ui.ExpectedConditions.lambda$findElement$0(ExpectedConditions.java:896)\r\n\tat java.util.Optional.orElseThrow(Unknown Source)\r\n\tat org.openqa.selenium.support.ui.ExpectedConditions.findElement(ExpectedConditions.java:895)\r\n\tat org.openqa.selenium.support.ui.ExpectedConditions.access$000(ExpectedConditions.java:44)\r\n\tat org.openqa.selenium.support.ui.ExpectedConditions$7.apply(ExpectedConditions.java:206)\r\n\tat org.openqa.selenium.support.ui.ExpectedConditions$7.apply(ExpectedConditions.java:202)\r\n\tat org.openqa.selenium.support.ui.ExpectedConditions$22.apply(ExpectedConditions.java:657)\r\n\tat org.openqa.selenium.support.ui.ExpectedConditions$22.apply(ExpectedConditions.java:654)\r\n\tat org.openqa.selenium.support.ui.FluentWait.until(FluentWait.java:248)\r\n\tat br.com.safra.automation.selenium.web.utils.EsperaUtil.esperaAteEstarClicavel(EsperaUtil.java:127)\r\n\tat br.com.safra.automation.selenium.web.utils.EscritaLeituraUtil.escreve(EscritaLeituraUtil.java:168)\r\n\tat br.com.safra.automation.selenium.web.utils.EscritaLeituraUtil.escreve(EscritaLeituraUtil.java:157)\r\n\tat br.com.safra.app.teste_geral.Login.preenchoOUsuario(Login.java:22)\r\n\tat sun.reflect.NativeMethodAccessorImpl.invoke0(Native Method)\r\n\tat sun.reflect.NativeMethodAccessorImpl.invoke(Unknown Source)\r\n\tat sun.reflect.DelegatingMethodAccessorImpl.invoke(Unknown Source)\r\n\tat java.lang.reflect.Method.invoke(Unknown Source)\r\n\tat cucumber.runtime.Utils$1.call(Utils.java:40)\r\n\tat cucumber.runtime.Timeout.timeout(Timeout.java:16)\r\n\tat cucumber.runtime.Utils.invoke(Utils.java:34)\r\n\tat cucumber.runtime.java.JavaStepDefinition.execute(JavaStepDefinition.java:38)\r\n\tat cucumber.runtime.StepDefinitionMatch.runStep(StepDefinitionMatch.java:37)\r\n\tat cucumber.runtime.Runtime.runStep(Runtime.java:300)\r\n\tat cucumber.runtime.model.StepContainer.runStep(StepContainer.java:44)\r\n\tat cucumber.runtime.model.StepContainer.runSteps(StepContainer.java:39)\r\n\tat cucumber.runtime.model.CucumberScenario.run(CucumberScenario.java:44)\r\n\tat cucumber.runtime.model.CucumberFeature.run(CucumberFeature.java:165)\r\n\tat cucumber.api.testng.TestNGCucumberRunner.runCucumber(TestNGCucumberRunner.java:63)\r\n\tat br.com.safra.app.teste.Exemplo2.TesteExemplo2.testeClassico(TesteExemplo2.java:29)\r\n\tat sun.reflect.NativeMethodAccessorImpl.invoke0(Native Method)\r\n\tat sun.reflect.NativeMethodAccessorImpl.invoke(Unknown Source)\r\n\tat sun.reflect.DelegatingMethodAccessorImpl.invoke(Unknown Source)\r\n\tat java.lang.reflect.Method.invoke(Unknown Source)\r\n\tat org.testng.internal.MethodInvocationHelper.invokeMethod(MethodInvocationHelper.java:108)\r\n\tat org.testng.internal.Invoker.invokeMethod(Invoker.java:661)\r\n\tat org.testng.internal.Invoker.invokeTestMethod(Invoker.java:869)\r\n\tat org.testng.internal.Invoker.invokeTestMethods(Invoker.java:1193)\r\n\tat org.testng.internal.TestMethodWorker.invokeTestMethods(TestMethodWorker.java:126)\r\n\tat org.testng.internal.TestMethodWorker.run(TestMethodWorker.java:109)\r\n\tat org.testng.TestRunner.privateRun(TestRunner.java:744)\r\n\tat org.testng.TestRunner.run(TestRunner.java:602)\r\n\tat org.testng.SuiteRunner.runTest(SuiteRunner.java:380)\r\n\tat org.testng.SuiteRunner.runSequentially(SuiteRunner.java:375)\r\n\tat org.testng.SuiteRunner.privateRun(SuiteRunner.java:340)\r\n\tat org.testng.SuiteRunner.run(SuiteRunner.java:289)\r\n\tat org.testng.SuiteRunnerWorker.runSuite(SuiteRunnerWorker.java:52)\r\n\tat org.testng.SuiteRunnerWorker.run(SuiteRunnerWorker.java:86)\r\n\tat org.testng.TestNG.runSuitesSequentially(TestNG.java:1301)\r\n\tat org.testng.TestNG.runSuitesLocally(TestNG.java:1226)\r\n\tat org.testng.TestNG.runSuites(TestNG.java:1144)\r\n\tat org.testng.TestNG.run(TestNG.java:1115)\r\n\tat br.com.safra.automation.selenium.config.TestNgSuiteRunner.execute(TestNgSuiteRunner.java:55)\r\n\tat br.com.safra.automation.selenium.config.LoopRunner.executarLocal(LoopRunner.java:68)\r\n\tat br.com.safra.automation.selenium.config.LoopRunner.executar(LoopRunner.java:45)\r\n\tat br.com.safra.automation.selenium.config.LoopRunner.executar(LoopRunner.java:27)\r\n\tat br.com.safra.app.runners.Main.main(Main.java:9)\r\n",
              "status": "failed"
            },
            "line": 11,
            "name": "Preencho o \u0027usuario\u0027",
            "match": {
              "location": "Login.preenchoOUsuario()"
            },
            "keyword": "E "
          }
        ]
      }
    ],
    "name": "Exemplo 2",
    "description": "",
    "id": "exemplo-2",
    "keyword": "Funcionalidade",
    "uri": "src/main/java/br/com/safra/app/teste/Exemplo2/Exemplo2.feature"
  }
]