<?xml version="1.0" encoding="UTF-8"?>
<!-- Generated by org.testng.reporters.JUnitReportReporter -->
<testsuite skipped="6" hostname="RSI4564" name="br.com.safra.app.runners.Avulso$BasicExtentReport" tests="7" failures="0" timestamp="27 ago 2019 18:54:35 GMT" time="0.001" errors="1">
  <testcase name="testCase2" time="0.001" classname="br.com.safra.app.runners.Avulso$BasicExtentReport">
    <skipped/>
  </testcase> <!-- testCase2 -->
  <testcase name="testCase1" time="0.000" classname="br.com.safra.app.runners.Avulso$BasicExtentReport">
    <skipped/>
  </testcase> <!-- testCase1 -->
  <testcase name="testCase3" time="0.000" classname="br.com.safra.app.runners.Avulso$BasicExtentReport">
    <skipped/>
  </testcase> <!-- testCase3 -->
  <testcase name="startReport" time="0.000" classname="br.com.safra.app.runners.Avulso$BasicExtentReport">
    <error type="org.testng.TestNGException" message="
Parameter &#039;OS&#039; is required by BeforeTest on method startReport but has not been marked @Optional or defined
in C:\Users\wellington.brito\AppData\Local\Temp\testng-eclipse--1373047284\testng-customsuite.xml">
      <![CDATA[org.testng.TestNGException: 
Parameter 'OS' is required by BeforeTest on method startReport but has not been marked @Optional or defined
in C:\Users\wellington.brito\AppData\Local\Temp\testng-eclipse--1373047284\testng-customsuite.xml
	at org.testng.internal.Parameters.createParameters(Parameters.java:199)
	at org.testng.internal.Parameters.createParameters(Parameters.java:443)
	at org.testng.internal.Parameters.createConfigurationParameters(Parameters.java:118)
	at org.testng.internal.Invoker.invokeConfigurations(Invoker.java:206)
	at org.testng.internal.Invoker.invokeConfigurations(Invoker.java:146)
	at org.testng.TestRunner.beforeRun(TestRunner.java:626)
	at org.testng.TestRunner.run(TestRunner.java:594)
	at org.testng.SuiteRunner.runTest(SuiteRunner.java:380)
	at org.testng.SuiteRunner.runSequentially(SuiteRunner.java:375)
	at org.testng.SuiteRunner.privateRun(SuiteRunner.java:340)
	at org.testng.SuiteRunner.run(SuiteRunner.java:289)
	at org.testng.SuiteRunnerWorker.runSuite(SuiteRunnerWorker.java:52)
	at org.testng.SuiteRunnerWorker.run(SuiteRunnerWorker.java:86)
	at org.testng.TestNG.runSuitesSequentially(TestNG.java:1301)
	at org.testng.TestNG.runSuitesLocally(TestNG.java:1226)
	at org.testng.TestNG.runSuites(TestNG.java:1144)
	at org.testng.TestNG.run(TestNG.java:1115)
	at org.testng.remote.AbstractRemoteTestNG.run(AbstractRemoteTestNG.java:114)
	at org.testng.remote.RemoteTestNG.initAndRun(RemoteTestNG.java:251)
	at org.testng.remote.RemoteTestNG.main(RemoteTestNG.java:77)
]]>
    </error>
  </testcase> <!-- startReport -->
  <testcase name="testCase4" time="0.000" classname="br.com.safra.app.runners.Avulso$BasicExtentReport">
    <skipped/>
  </testcase> <!-- testCase4 -->
  <testcase name="testCase5" time="0.000" classname="br.com.safra.app.runners.Avulso$BasicExtentReport">
    <skipped/>
  </testcase> <!-- testCase5 -->
  <testcase name="testCase6" classname="br.com.safra.app.runners.Avulso$BasicExtentReport">
    <skipped/>
  </testcase> <!-- testCase6 -->
</testsuite> <!-- br.com.safra.app.runners.Avulso$BasicExtentReport -->
